DevTools failed to load SourceMap: Could not load content for chrome-extension://gighmmpiobklfepjocnamgkkbiglidom/include.preload.js.map: HTTP error: status code 404, net::ERR_UNKNOWN_URL_SCHEME
DevTools failed to load SourceMap: Could not load content for chrome-extension://gighmmpiobklfepjocnamgkkbiglidom/include.postload.js.map: HTTP error: status code 404, net::ERR_UNKNOWN_URL_SCHEME
VM2313 previewScripts.js:16 Model is ready.
VM2313 previewScripts.js:16 0.x:  391.32801316170196
VM2313 previewScripts.js:16 0.y:  218.07170131750274
VM2313 previewScripts.js:16 1.x:  417.78062355681004
VM2313 previewScripts.js:16 1.y:  191.89246997498628
VM2313 previewScripts.js:16 2.x:  360.2845624362283
VM2313 previewScripts.js:16 2.y:  193.07516414054885
VM2313 previewScripts.js:16 3.x:  449.5219162611933
VM2313 previewScripts.js:16 3.y:  215.97749944318804
VM2313 previewScripts.js:16 4.x:  330.46956677650616
VM2313 previewScripts.js:16 4.y:  225.83691096910024
VM2313 previewScripts.js:16 5.x:  502.3435162103664
VM2313 previewScripts.js:16 5.y:  346.14009269729223
VM2313 previewScripts.js:16 6.x:  271.110695286801
VM2313 previewScripts.js:16 6.y:  350.1259608575475
VM2313 previewScripts.js:16 7.x:  602.6049328779849
VM2313 previewScripts.js:16 7.y:  462.524917334841
VM2313 previewScripts.js:16 8.x:  209.53055993390592
VM2313 previewScripts.js:16 8.y:  456.5869577865154
VM2313 previewScripts.js:16 9.x:  579.3472072906196
VM2313 previewScripts.js:16 9.y:  416.18870815106067
VM2313 previewScripts.js:16 10.x:  210.19130416780882
VM2313 previewScripts.js:16 10.y:  404.05032985159295
VM2313 previewScripts.js:16 11.x:  477.2799834312751
VM2313 previewScripts.js:16 11.y:  531.3042861908732
VM2313 previewScripts.js:16 12.x:  285.4657095449942
VM2313 previewScripts.js:16 12.y:  529.5053130330166
VM2313 previewScripts.js:16 13.x:  460.9856859471133
VM2313 previewScripts.js:16 13.y:  550.7795057984588
VM2313 previewScripts.js:16 14.x:  300.847835875394
VM2313 previewScripts.js:16 14.y:  549.1422877023559
VM2313 previewScripts.js:16 15.x:  456.64274278904725
VM2313 previewScripts.js:16 15.y:  560.2024914181952
VM2313 previewScripts.js:16 16.x:  298.7379654109129
VM2313 previewScripts.js:16 16.y:  553.8123468767133
VM2313 previewScripts.js:16 Time elapsed:  3700.1399998553097
VM2313 previewScripts.js:16 ----------------------------
VM2313 previewScripts.js:16 0.x:  408.2040048342699
VM2313 previewScripts.js:16 0.y:  267.0697194000898
VM2313 previewScripts.js:16 1.x:  433.95355522051653
VM2313 previewScripts.js:16 1.y:  239.7036278410497
VM2313 previewScripts.js:16 2.x:  383.9225474575109
VM2313 previewScripts.js:16 2.y:  232.0841013293052
VM2313 previewScripts.js:16 3.x:  454.23907928764237
VM2313 previewScripts.js:16 3.y:  253.93115960134168
VM2313 previewScripts.js:16 4.x:  345.4168742813794
VM2313 previewScripts.js:16 4.y:  231.74287970767847
VM2313 previewScripts.js:16 5.x:  465.72822555928667
VM2313 previewScripts.js:16 5.y:  342.52076385081625
VM2313 previewScripts.js:16 6.x:  267.38560845745
VM2313 previewScripts.js:16 6.y:  322.20117044727704
VM2313 previewScripts.js:16 7.x:  577.226832577592
VM2313 previewScripts.js:16 7.y:  312.7811329267178
VM2313 previewScripts.js:16 8.x:  169.8245840091222
VM2313 previewScripts.js:16 8.y:  394.4375042236804
VM2313 previewScripts.js:16 9.x:  546.1211908351607
VM2313 previewScripts.js:16 9.y:  171.90964607699803
VM2313 previewScripts.js:16 10.x:  148.6700177703917
VM2313 previewScripts.js:16 10.y:  395.6937817430403
VM2313 previewScripts.js:16 11.x:  474.8188853124429
VM2313 previewScripts.js:16 11.y:  548.9830430534615
VM2313 previewScripts.js:16 12.x:  268.1443783646671
VM2313 previewScripts.js:16 12.y:  531.747516237969
VM2313 previewScripts.js:16 13.x:  456.0462163438109
VM2313 previewScripts.js:16 13.y:  553.0384074131183
VM2313 previewScripts.js:16 14.x:  279.5986872109753
VM2313 previewScripts.js:16 14.y:  550.2499038666544
VM2313 previewScripts.js:16 15.x:  453.2187222783793
VM2313 previewScripts.js:16 15.y:  560.5155571534154
VM2313 previewScripts.js:16 16.x:  277.84057527954815
VM2313 previewScripts.js:16 16.y:  558.2470464427569
VM2313 previewScripts.js:16 Time elapsed:  3821.735000004992
VM2313 previewScripts.js:16 ----------------------------
VM2313 previewScripts.js:16 0.x:  403.8714679918791
VM2313 previewScripts.js:16 0.y:  263.8522877237718
VM2313 previewScripts.js:16 1.x:  432.9713704665037
VM2313 previewScripts.js:16 1.y:  237.50464783309724
VM2313 previewScripts.js:16 2.x:  376.93388122796546
VM2313 previewScripts.js:16 2.y:  230.46605636269493
VM2313 previewScripts.js:16 3.x:  454.46260002389056
VM2313 previewScripts.js:16 3.y:  255.58794820982575
VM2313 previewScripts.js:16 4.x:  341.7390456766645
VM2313 previewScripts.js:16 4.y:  243.83782667490937
VM2313 previewScripts.js:16 5.x:  456.35122555738303
VM2313 previewScripts.js:16 5.y:  349.4157620851989
VM2313 previewScripts.js:16 6.x:  275.68254794293676
VM2313 previewScripts.js:16 6.y:  357.04042103787845
VM2313 previewScripts.js:16 7.x:  562.9567547476547
VM2313 previewScripts.js:16 7.y:  325.81063015883893
VM2313 previewScripts.js:16 8.x:  197.03864054837885
VM2313 previewScripts.js:16 8.y:  502.08956653379323
VM2313 previewScripts.js:16 9.x:  568.4567004941824
VM2313 previewScripts.js:16 9.y:  199.45103100633526
VM2313 previewScripts.js:16 10.x:  217.25414759466753
VM2313 previewScripts.js:16 10.y:  497.4158459936666
VM2313 previewScripts.js:16 11.x:  453.8105247452942
VM2313 previewScripts.js:16 11.y:  533.2038977550484
VM2313 previewScripts.js:16 12.x:  282.19805979589273
VM2313 previewScripts.js:16 12.y:  551.4155712462308
VM2313 previewScripts.js:16 13.x:  461.6190565678111
VM2313 previewScripts.js:16 13.y:  555.2975148578369
VM2313 previewScripts.js:16 14.x:  302.566419158995
VM2313 previewScripts.js:16 14.y:  548.974134657118
VM2313 previewScripts.js:16 15.x:  456.95831997817487
VM2313 previewScripts.js:16 15.y:  561.4824356763219
VM2313 previewScripts.js:16 16.x:  319.2715848119635
VM2313 previewScripts.js:16 16.y:  558.8053247477808
VM2313 previewScripts.js:16 Time elapsed:  3950.849999906495
VM2313 previewScripts.js:16 ----------------------------
VM2313 previewScripts.js:16 0.x:  369.0012155871177
VM2313 previewScripts.js:16 0.y:  253.60605221278018
VM2313 previewScripts.js:16 1.x:  390.71040519729223
VM2313 previewScripts.js:16 1.y:  219.53391374435574
VM2313 previewScripts.js:16 2.x:  337.16030886763485
VM2313 previewScripts.js:16 2.y:  229.94497317784476
VM2313 previewScripts.js:16 3.x:  430.4073567232426
VM2313 previewScripts.js:16 3.y:  248.99565996017606
VM2313 previewScripts.js:16 4.x:  315.45273481521457
VM2313 previewScripts.js:16 4.y:  257.1810133787159
VM2313 previewScripts.js:16 5.x:  477.6555751034623
VM2313 previewScripts.js:16 5.y:  337.7923847220794
VM2313 previewScripts.js:16 6.x:  296.19238513254976
VM2313 previewScripts.js:16 6.y:  323.8081856591892
VM2313 previewScripts.js:16 7.x:  573.9342045179817
VM2313 previewScripts.js:16 7.y:  350.47545077972705
VM2313 previewScripts.js:16 8.x:  170.74671576129995
VM2313 previewScripts.js:16 8.y:  332.37181665372196
VM2313 previewScripts.js:16 9.x:  568.0944895604897
VM2313 previewScripts.js:16 9.y:  335.6415580169499
VM2313 previewScripts.js:16 10.x:  142.25695217794376
VM2313 previewScripts.js:16 10.y:  301.11802307485834
VM2313 previewScripts.js:16 11.x:  474.44443730582964
VM2313 previewScripts.js:16 11.y:  551.0006856639483
VM2313 previewScripts.js:16 12.x:  306.91046642281157
VM2313 previewScripts.js:16 12.y:  534.001811958893
VM2313 previewScripts.js:16 13.x:  455.58065373530394
VM2313 previewScripts.js:16 13.y:  549.5895742672925
VM2313 previewScripts.js:16 14.x:  319.5993642453794
VM2313 previewScripts.js:16 14.y:  550.662305805883
VM2313 previewScripts.js:16 15.x:  454.2809100829602
VM2313 previewScripts.js:16 15.y:  559.6950147305315
VM2313 previewScripts.js:16 16.x:  316.2349634003221
VM2313 previewScripts.js:16 16.y:  557.7227964642916
VM2313 previewScripts.js:16 Time elapsed:  4142.199999885634
VM2313 previewScripts.js:16 ----------------------------
VM2313 previewScripts.js:16 0.x:  364.51889722203185
VM2313 previewScripts.js:16 0.y:  258.88079842164035
VM2313 previewScripts.js:16 1.x:  385.95426979585466
VM2313 previewScripts.js:16 1.y:  221.274791814198
VM2313 previewScripts.js:16 2.x:  336.46152697111427
VM2313 previewScripts.js:16 2.y:  235.49435948303102
VM2313 previewScripts.js:16 3.x:  432.95203255398695
VM2313 previewScripts.js:16 3.y:  235.24804396006562
VM2313 previewScripts.js:16 4.x:  318.57447678117956
VM2313 previewScripts.js:16 4.y:  255.44679251330638
VM2313 previewScripts.js:16 5.x:  516.9721387004295
VM2313 previewScripts.js:16 5.y:  351.23935097142265
VM2313 previewScripts.js:16 6.x:  313.35158260709824
VM2313 previewScripts.js:16 6.y:  351.7627078050758
VM2313 previewScripts.js:16 7.x:  612.1082375807139
VM2313 previewScripts.js:16 7.y:  409.6302435504995
VM2313 previewScripts.js:16 8.x:  283.66481788441916
VM2313 previewScripts.js:16 8.y:  445.36582604718717
VM2313 previewScripts.js:16 9.x:  553.41582062184
VM2313 previewScripts.js:16 9.y:  334.13483915273207
VM2313 previewScripts.js:16 10.x:  301.93715889319105
VM2313 previewScripts.js:16 10.y:  479.9559142203823
VM2313 previewScripts.js:16 11.x:  495.8694300363403
VM2313 previewScripts.js:16 11.y:  549.1071936772813
VM2313 previewScripts.js:16 12.x:  325.7520477116456
VM2313 previewScripts.js:16 12.y:  534.1833192702622
VM2313 previewScripts.js:16 13.x:  498.1294277258086
VM2313 previewScripts.js:16 13.y:  549.3622920759473
VM2313 previewScripts.js:16 14.x:  340.7510132073891
VM2313 previewScripts.js:16 14.y:  550.7821792096887
VM2313 previewScripts.js:16 15.x:  495.6478643882112
VM2313 previewScripts.js:16 15.y:  555.5140513518633
VM2313 previewScripts.js:16 16.x:  336.3423828957838
VM2313 previewScripts.js:16 16.y:  558.4167211283484
VM2313 previewScripts.js:16 Time elapsed:  4247.329999925569
VM2313 previewScripts.js:16 ----------------------------
VM2313 previewScripts.js:16 0.x:  394.77582191630876
VM2313 previewScripts.js:16 0.y:  258.22810509516245
VM2313 previewScripts.js:16 1.x:  422.80042860243054
VM2313 previewScripts.js:16 1.y:  231.8456382825825
VM2313 previewScripts.js:16 2.x:  367.3789558633726
VM2313 previewScripts.js:16 2.y:  226.5511049861796
VM2313 previewScripts.js:16 3.x:  447.03846059579826
VM2313 previewScripts.js:16 3.y:  253.17463478846855
VM2313 previewScripts.js:16 4.x:  335.7571021483423
VM2313 previewScripts.js:16 4.y:  246.50674741867687
VM2313 previewScripts.js:16 5.x:  483.61743741100526
VM2313 previewScripts.js:16 5.y:  341.3929864537646
VM2313 previewScripts.js:16 6.x:  307.7351364522417
VM2313 previewScripts.js:16 6.y:  324.1162656668798
VM2313 previewScripts.js:16 7.x:  575.7251785605506
VM2313 previewScripts.js:16 7.y:  366.23582747015104
VM2313 previewScripts.js:16 8.x:  199.57855997959308
VM2313 previewScripts.js:16 8.y:  320.04593103717406
VM2313 previewScripts.js:16 9.x:  605.0112064354136
VM2313 previewScripts.js:16 9.y:  339.9723723710861
VM2313 previewScripts.js:16 10.x:  173.31818459791512
VM2313 previewScripts.js:16 10.y:  291.43910131026894
VM2313 previewScripts.js:16 11.x:  454.1987074467174
VM2313 previewScripts.js:16 11.y:  549.4585176285711
VM2313 previewScripts.js:16 12.x:  325.9249485305875
VM2313 previewScripts.js:16 12.y:  529.5220709311799
VM2313 previewScripts.js:16 13.x:  436.3723641854745
VM2313 previewScripts.js:16 13.y:  550.6118685181377
VM2313 previewScripts.js:16 14.x:  344.0659066064548
VM2313 previewScripts.js:16 14.y:  551.5205189963298
VM2313 previewScripts.js:16 15.x:  434.0675089280275
VM2313 previewScripts.js:16 15.y:  556.9890737254717
VM2313 previewScripts.js:16 16.x:  358.3847585756179
VM2313 previewScripts.js:16 16.y:  558.0213021023696
VM2313 previewScripts.js:16 Time elapsed:  4380.750000011176
VM2313 previewScripts.js:16 ----------------------------
VM2313 previewScripts.js:16 0.x:  407.5204146535773
VM2313 previewScripts.js:16 0.y:  260.3465431614926
VM2313 previewScripts.js:16 1.x:  436.26006901612755
VM2313 previewScripts.js:16 1.y:  229.79785406101513
VM2313 previewScripts.js:16 2.x:  380.8141701681572
VM2313 previewScripts.js:16 2.y:  223.85131389774074
VM2313 previewScripts.js:16 3.x:  459.4118412939893
VM2313 previewScripts.js:16 3.y:  246.34989955969024
VM2313 previewScripts.js:16 4.x:  345.4713912874634
VM2313 previewScripts.js:16 4.y:  238.46155787536736
VM2313 previewScripts.js:16 5.x:  492.23012228923
VM2313 previewScripts.js:16 5.y:  331.23944317853005
VM2313 previewScripts.js:16 6.x:  305.997403090925
VM2313 previewScripts.js:16 6.y:  311.4475546199211
VM2313 previewScripts.js:16 7.x:  576.0463159869753
VM2313 previewScripts.js:16 7.y:  325.9431954248142
VM2313 previewScripts.js:16 8.x:  201.78439908092713
VM2313 previewScripts.js:16 8.y:  278.5213382713511
VM2313 previewScripts.js:16 9.x:  601.3074175144961
VM2313 previewScripts.js:16 9.y:  283.1532760530884
VM2313 previewScripts.js:16 10.x:  133.02931460256
VM2313 previewScripts.js:16 10.y:  176.4882917199683
VM2313 previewScripts.js:16 11.x:  473.50425021225476
VM2313 previewScripts.js:16 11.y:  549.3124639499954
VM2313 previewScripts.js:16 12.x:  308.29060158534355
VM2313 previewScripts.js:16 12.y:  511.5893899720546
VM2313 previewScripts.js:16 13.x:  456.31170826813394
VM2313 previewScripts.js:16 13.y:  549.9788298430266
VM2313 previewScripts.js:16 14.x:  322.40596867908977
VM2313 previewScripts.js:16 14.y:  551.6158159341496
VM2313 previewScripts.js:16 15.x:  452.8635541830379
VM2313 previewScripts.js:16 15.y:  556.6230953878362
VM2313 previewScripts.js:16 16.x:  337.3541259765625
VM2313 previewScripts.js:16 16.y:  557.6961115786903
VM2313 previewScripts.js:16 Time elapsed:  4681.420000037178
VM2313 previewScripts.js:16 ----------------------------
VM2313 previewScripts.js:16 0.x:  376.78703114767984
VM2313 previewScripts.js:16 0.y:  244.8962087054931
VM2313 previewScripts.js:16 1.x:  401.2846715083131
VM2313 previewScripts.js:16 1.y:  214.87650404664276
VM2313 previewScripts.js:16 2.x:  348.1233610930266
VM2313 previewScripts.js:16 2.y:  221.74468473616628
VM2313 previewScripts.js:16 3.x:  430.29722990813076
VM2313 previewScripts.js:16 3.y:  235.28443423860483
VM2313 previewScripts.js:16 4.x:  322.5827279193127
VM2313 previewScripts.js:16 4.y:  240.57449028505914
VM2313 previewScripts.js:16 5.x:  455.35362585710965
VM2313 previewScripts.js:16 5.y:  335.62577364737524
VM2313 previewScripts.js:16 6.x:  289.66892651414776
VM2313 previewScripts.js:16 6.y:  337.09629943728675
VM2313 previewScripts.js:16 7.x:  606.673593502528
VM2313 previewScripts.js:16 7.y:  334.7146659984923
VM2313 previewScripts.js:16 8.x:  216.93807025634288
VM2313 previewScripts.js:16 8.y:  351.565128200003
VM2313 previewScripts.js:16 9.x:  568.875639619883
VM2313 previewScripts.js:16 9.y:  166.0871824744152
VM2313 previewScripts.js:16 10.x:  216.02960181282742
VM2313 previewScripts.js:16 10.y:  282.2910075345699
VM2313 previewScripts.js:16 11.x:  456.69378938730694
VM2313 previewScripts.js:16 11.y:  511.5134874607852
VM2313 previewScripts.js:16 12.x:  295.6912743046037
VM2313 previewScripts.js:16 12.y:  515.1436426114385
VM2313 previewScripts.js:16 13.x:  455.19983838176165
VM2313 previewScripts.js:16 13.y:  549.0106290404559
VM2313 previewScripts.js:16 14.x:  297.6090844286348
VM2313 previewScripts.js:16 14.y:  540.5404973913122
VM2313 previewScripts.js:16 15.x:  453.53030377661275
VM2313 previewScripts.js:16 15.y:  557.5151676230031
VM2313 previewScripts.js:16 16.x:  298.7817219219245
VM2313 previewScripts.js:16 16.y:  554.3758646647135
VM2313 previewScripts.js:16 Time elapsed:  4779.0349998977035
VM2313 previewScripts.js:16 ----------------------------
VM2313 previewScripts.js:16 0.x:  372.9117213912874
VM2313 previewScripts.js:16 0.y:  232.92459588301807
VM2313 previewScripts.js:16 1.x:  395.38136472943694
VM2313 previewScripts.js:16 1.y:  199.99924501712792
VM2313 previewScripts.js:16 2.x:  344.42592092889555
VM2313 previewScripts.js:16 2.y:  212.33793559827302
VM2313 previewScripts.js:16 3.x:  436.68168289154823
VM2313 previewScripts.js:16 3.y:  221.54304995174294
VM2313 previewScripts.js:16 4.x:  323.96622090776526
VM2313 previewScripts.js:16 4.y:  233.53227105986537
VM2313 previewScripts.js:16 5.x:  492.3157517580028
VM2313 previewScripts.js:16 5.y:  338.3172730116816
VM2313 previewScripts.js:16 6.x:  309.0391912330196
VM2313 previewScripts.js:16 6.y:  319.3330035293311
VM2313 previewScripts.js:16 7.x:  568.8744516354091
VM2313 previewScripts.js:16 7.y:  392.58396081757127
VM2313 previewScripts.js:16 8.x:  210.20899960404483
VM2313 previewScripts.js:16 8.y:  405.0235145970394
VM2313 previewScripts.js:16 9.x:  587.8398432740923
VM2313 previewScripts.js:16 9.y:  382.8882454617446
VM2313 previewScripts.js:16 10.x:  227.11999071504172
VM2313 previewScripts.js:16 10.y:  359.76553814685366
VM2313 previewScripts.js:16 11.x:  476.3966319063718
VM2313 previewScripts.js:16 11.y:  530.4358856022707
VM2313 previewScripts.js:16 12.x:  325.4789879633437
VM2313 previewScripts.js:16 12.y:  551.2800910458927
VM2313 previewScripts.js:16 13.x:  478.322437948186
VM2313 previewScripts.js:16 13.y:  552.8906095330013
VM2313 previewScripts.js:16 14.x:  342.1806275960762
VM2313 previewScripts.js:16 14.y:  549.0576148079617
VM2313 previewScripts.js:16 15.x:  476.0077017324942
VM2313 previewScripts.js:16 15.y:  559.6516573127018
VM2313 previewScripts.js:16 16.x:  338.3939635219165
VM2313 previewScripts.js:16 16.y:  558.0891779849403
VM2313 previewScripts.js:16 Time elapsed:  4872.11999995634
VM2313 previewScripts.js:16 ----------------------------
VM2313 previewScripts.js:16 0.x:  370.4959748920641
VM2313 previewScripts.js:16 0.y:  237.7273196690728
VM2313 previewScripts.js:16 1.x:  395.73443704645996
VM2313 previewScripts.js:16 1.y:  202.43658917224428
VM2313 previewScripts.js:16 2.x:  345.6334229705394
VM2313 previewScripts.js:16 2.y:  214.9180055733545
VM2313 previewScripts.js:16 3.x:  441.4961740891603
VM2313 previewScripts.js:16 3.y:  219.9478411906876
VM2313 previewScripts.js:16 4.x:  327.38629079004477
VM2313 previewScripts.js:16 4.y:  244.94033545778507
VM2313 previewScripts.js:16 5.x:  512.3906286882843
VM2313 previewScripts.js:16 5.y:  338.91589715002107
VM2313 previewScripts.js:16 6.x:  306.6191306309393
VM2313 previewScripts.js:16 6.y:  338.7273039641203
VM2313 previewScripts.js:16 7.x:  571.8430737352278
VM2313 previewScripts.js:16 7.y:  420.8182237115752
VM2313 previewScripts.js:16 8.x:  203.74454966762607
VM2313 previewScripts.js:16 8.y:  354.57830298946146
VM2313 previewScripts.js:16 9.x:  582.7436299166019
VM2313 previewScripts.js:16 9.y:  387.0515391329343
VM2313 previewScripts.js:16 10.x:  172.91788618002252
VM2313 previewScripts.js:16 10.y:  284.716144881518
VM2313 previewScripts.js:16 11.x:  496.7544635973478
VM2313 previewScripts.js:16 11.y:  535.9816752353839
VM2313 previewScripts.js:16 12.x:  323.54248106363457
VM2313 previewScripts.js:16 12.y:  530.6808096902412
VM2313 previewScripts.js:16 13.x:  500.05317576447425
VM2313 previewScripts.js:16 13.y:  553.2940287153158
VM2313 previewScripts.js:16 14.x:  342.50653718647203
VM2313 previewScripts.js:16 14.y:  550.8000840452911
VM2313 previewScripts.js:16 15.x:  496.2288685105232
VM2313 previewScripts.js:16 15.y:  559.3363841467666
VM2313 previewScripts.js:16 16.x:  359.7932370875546
VM2313 previewScripts.js:16 16.y:  558.5376019319827
VM2313 previewScripts.js:16 Time elapsed:  4959.744999883696
VM2313 previewScripts.js:16 ----------------------------
VM2313 previewScripts.js:16 0.x:  380.3400792201825
VM2313 previewScripts.js:16 0.y:  257.8038444295961
VM2313 previewScripts.js:16 1.x:  404.90572447897625
VM2313 previewScripts.js:16 1.y:  220.43408124302795
VM2313 previewScripts.js:16 2.x:  352.5349934895833
VM2313 previewScripts.js:16 2.y:  233.50256728382368
VM2313 previewScripts.js:16 3.x:  447.1199401498538
VM2313 previewScripts.js:16 3.y:  245.47853347153688
VM2313 previewScripts.js:16 4.x:  332.69112094336316
VM2313 previewScripts.js:16 4.y:  260.9395681161862
VM2313 previewScripts.js:16 5.x:  536.1752465082656
VM2313 previewScripts.js:16 5.y:  350.62734860425803
VM2313 previewScripts.js:16 6.x:  320.3148328398171
VM2313 previewScripts.js:16 6.y:  337.31777496040445
VM2313 previewScripts.js:16 7.x:  614.6335270158496
VM2313 previewScripts.js:16 7.y:  411.99597988909443
VM2313 previewScripts.js:16 8.x:  206.75515336599963
VM2313 previewScripts.js:16 8.y:  358.84453429580896
VM2313 previewScripts.js:16 9.x:  584.584308944018
VM2313 previewScripts.js:16 9.y:  434.4062168649298
VM2313 previewScripts.js:16 10.x:  171.9633772405732
VM2313 previewScripts.js:16 10.y:  297.1923970897295
VM2313 previewScripts.js:16 11.x:  519.3297968784503
VM2313 previewScripts.js:16 11.y:  552.4754354317054
VM2313 previewScripts.js:16 12.x:  320.0800799393979
VM2313 previewScripts.js:16 12.y:  553.6266090437682
VM2313 previewScripts.js:16 13.x:  521.2346177723905
VM2313 previewScripts.js:16 13.y:  550.6702433506183
VM2313 previewScripts.js:16 14.x:  319.8496032179447
VM2313 previewScripts.js:16 14.y:  549.7675565901787
VM2313 previewScripts.js:16 15.x:  516.1412446912501
VM2313 previewScripts.js:16 15.y:  559.8710447910004
VM2313 previewScripts.js:16 16.x:  316.8076641238921
VM2313 previewScripts.js:16 16.y:  558.3947415937457
VM2313 previewScripts.js:16 Time elapsed:  5255.995000014082
VM2313 previewScripts.js:16 ----------------------------
VM2313 previewScripts.js:16 0.x:  415.93391701027195
VM2313 previewScripts.js:16 0.y:  259.5694796244303
VM2313 previewScripts.js:16 1.x:  444.5429037886056
VM2313 previewScripts.js:16 1.y:  232.2023965043631
VM2313 previewScripts.js:16 2.x:  391.02883381685547
VM2313 previewScripts.js:16 2.y:  226.89697503578822
VM2313 previewScripts.js:16 3.x:  470.7253897445708
VM2313 previewScripts.js:16 3.y:  249.45522970158686
VM2313 previewScripts.js:16 4.x:  356.51455855044236
VM2313 previewScripts.js:16 4.y:  236.59585963912872
VM2313 previewScripts.js:16 5.x:  510.32799079404236
VM2313 previewScripts.js:16 5.y:  353.38499072931893
VM2313 previewScripts.js:16 6.x:  327.0123154192175
VM2313 previewScripts.js:16 6.y:  333.70160673561617
VM2313 previewScripts.js:16 7.x:  542.7969283016569
VM2313 previewScripts.js:16 7.y:  462.30532610857927
VM2313 previewScripts.js:16 8.x:  228.90893411915204
VM2313 previewScripts.js:16 8.y:  298.16458599841616
VM2313 previewScripts.js:16 9.x:  489.37991969534295
VM2313 previewScripts.js:16 9.y:  455.54306060017666
VM2313 previewScripts.js:16 10.x:  206.4552839550591
VM2313 previewScripts.js:16 10.y:  276.7654493305883
VM2313 previewScripts.js:16 11.x:  496.9576676872506
VM2313 previewScripts.js:16 11.y:  529.4847270526849
VM2313 previewScripts.js:16 12.x:  343.4259955274199
VM2313 previewScripts.js:16 12.y:  548.897714596278
VM2313 previewScripts.js:16 13.x:  476.93488807008976
VM2313 previewScripts.js:16 13.y:  551.6347415916636
VM2313 previewScripts.js:16 14.x:  359.2365216000503
VM2313 previewScripts.js:16 14.y:  550.7892749927662
VM2313 previewScripts.js:16 15.x:  473.8072493108857
VM2313 previewScripts.js:16 15.y:  557.8488828424821
VM2313 previewScripts.js:16 16.x:  356.09938028495446
VM2313 previewScripts.js:16 16.y:  561.4253469842683
VM2313 previewScripts.js:16 Time elapsed:  5347.234999993816
VM2313 previewScripts.js:16 ----------------------------
VM2313 previewScripts.js:16 0.x:  421.39298526399546
VM2313 previewScripts.js:16 0.y:  254.0102911460237
VM2313 previewScripts.js:16 1.x:  454.12089386878654
VM2313 previewScripts.js:16 1.y:  223.61733509086025
VM2313 previewScripts.js:16 2.x:  394.88138328983536
VM2313 previewScripts.js:16 2.y:  221.90666912591945
VM2313 previewScripts.js:16 3.x:  477.97214158561957
VM2313 previewScripts.js:16 3.y:  243.51500602261132
VM2313 previewScripts.js:16 4.x:  363.26430411831444
VM2313 previewScripts.js:16 4.y:  238.61818205775802
VM2313 previewScripts.js:16 5.x:  520.6050691362942
VM2313 previewScripts.js:16 5.y:  352.7297521520544
VM2313 previewScripts.js:16 6.x:  319.4681219190185
VM2313 previewScripts.js:16 6.y:  326.6471247087445
VM2313 previewScripts.js:16 7.x:  560.6397745530275
VM2313 previewScripts.js:16 7.y:  465.73126839383065
VM2313 previewScripts.js:16 8.x:  215.6292620504576
VM2313 previewScripts.js:16 8.y:  363.19271927920926
VM2313 previewScripts.js:16 9.x:  541.1268749571683
VM2313 previewScripts.js:16 9.y:  473.62523842973314
VM2313 previewScripts.js:16 10.x:  205.59435154727095
VM2313 previewScripts.js:16 10.y:  350.0299792075947
VM2313 previewScripts.js:16 11.x:  495.2401896991692
VM2313 previewScripts.js:16 11.y:  530.175809804459
VM2313 previewScripts.js:16 12.x:  308.46766005250214
VM2313 previewScripts.js:16 12.y:  527.2543055365193
VM2313 previewScripts.js:16 13.x:  472.86419606348227
VM2313 previewScripts.js:16 13.y:  538.2882253189533
VM2313 previewScripts.js:16 14.x:  316.95806298804325
VM2313 previewScripts.js:16 14.y:  543.7924723783199
VM2313 previewScripts.js:16 15.x:  455.23412068684894
VM2313 previewScripts.js:16 15.y:  555.8545234189396
VM2313 previewScripts.js:16 16.x:  317.16714810674415
VM2313 previewScripts.js:16 16.y:  555.9016817029689
VM2313 previewScripts.js:16 Time elapsed:  5429.059999994934
VM2313 previewScripts.js:16 ----------------------------
VM2313 previewScripts.js:16 0.x:  422.4934794702957
VM2313 previewScripts.js:16 0.y:  231.37770148978132
VM2313 previewScripts.js:16 1.x:  456.49028279860346
VM2313 previewScripts.js:16 1.y:  203.30146209538327
VM2313 previewScripts.js:16 2.x:  395.09442989356796
VM2313 previewScripts.js:16 2.y:  199.742667437994
VM2313 previewScripts.js:16 3.x:  483.19591589141305
VM2313 previewScripts.js:16 3.y:  223.05834586160222
VM2313 previewScripts.js:16 4.x:  364.6996719330607
VM2313 previewScripts.js:16 4.y:  219.78478269967417
VM2313 previewScripts.js:16 5.x:  519.1794588040655
VM2313 previewScripts.js:16 5.y:  346.66889391447364
VM2313 previewScripts.js:16 6.x:  305.20088061951753
VM2313 previewScripts.js:16 6.y:  334.204558433845
VM2313 previewScripts.js:16 7.x:  555.9834357962505
VM2313 previewScripts.js:16 7.y:  474.65377480430675
VM2313 previewScripts.js:16 8.x:  196.2791897957785
VM2313 previewScripts.js:16 8.y:  350.3378682573404
VM2313 previewScripts.js:16 9.x:  494.19564260144443
VM2313 previewScripts.js:16 9.y:  468.18847715738457
VM2313 previewScripts.js:16 10.x:  232.24241676851088
VM2313 previewScripts.js:16 10.y:  308.22634215475756
VM2313 previewScripts.js:16 11.x:  492.7496552049068
VM2313 previewScripts.js:16 11.y:  534.8269299363997
VM2313 previewScripts.js:16 12.x:  327.4646876522904
VM2313 previewScripts.js:16 12.y:  550.4921105219374
VM2313 previewScripts.js:16 13.x:  481.3965557611476
VM2313 previewScripts.js:16 13.y:  550.5458238389757
VM2313 previewScripts.js:16 14.x:  341.2442665025737
VM2313 previewScripts.js:16 14.y:  551.9942172461318
VM2313 previewScripts.js:16 15.x:  473.5438629804763
VM2313 previewScripts.js:16 15.y:  558.889224162111
VM2313 previewScripts.js:16 16.x:  338.50000816479064
VM2313 previewScripts.js:16 16.y:  556.7098429421467
VM2313 previewScripts.js:16 Time elapsed:  5708.199999993667
VM2313 previewScripts.js:16 ----------------------------
VM2313 previewScripts.js:16 0.x:  399.34007991359476
VM2313 previewScripts.js:16 0.y:  256.27749913384804
VM2313 previewScripts.js:16 1.x:  420.28148628814876
VM2313 previewScripts.js:16 1.y:  223.94178780895925
VM2313 previewScripts.js:16 2.x:  370.9157420970775
VM2313 previewScripts.js:16 2.y:  232.61460629587748
VM2313 previewScripts.js:16 3.x:  452.3438362582617
VM2313 previewScripts.js:16 3.y:  231.26551458942492
VM2313 previewScripts.js:16 4.x:  341.9012620713975
VM2313 previewScripts.js:16 4.y:  252.39120572631123
VM2313 previewScripts.js:16 5.x:  486.78289521274974
VM2313 previewScripts.js:16 5.y:  336.5814780073556
VM2313 previewScripts.js:16 6.x:  299.4889164900454
VM2313 previewScripts.js:16 6.y:  324.88228305273816
VM2313 previewScripts.js:16 7.x:  586.9656966954876
VM2313 previewScripts.js:16 7.y:  389.6856207596628
VM2313 previewScripts.js:16 8.x:  221.84265151590864
VM2313 previewScripts.js:16 8.y:  373.9632750394051
VM2313 previewScripts.js:16 9.x:  588.1276424772326
VM2313 previewScripts.js:16 9.y:  369.474133348372
VM2313 previewScripts.js:16 10.x:  223.05649666293553
VM2313 previewScripts.js:16 10.y:  357.10613064830994
VM2313 previewScripts.js:16 11.x:  496.1132729216161
VM2313 previewScripts.js:16 11.y:  527.7923869528965
VM2313 previewScripts.js:16 12.x:  287.2313180072033
VM2313 previewScripts.js:16 12.y:  531.1233716819718
VM2313 previewScripts.js:16 13.x:  497.46198018391925
VM2313 previewScripts.js:16 13.y:  549.0356808192083
VM2313 previewScripts.js:16 14.x:  297.80648675810755
VM2313 previewScripts.js:16 14.y:  537.8114715933102
VM2313 previewScripts.js:16 15.x:  495.57291339480156
VM2313 previewScripts.js:16 15.y:  556.2417200991981
VM2313 previewScripts.js:16 16.x:  298.1524219475759
VM2313 previewScripts.js:16 16.y:  556.1982917413841
VM2313 previewScripts.js:16 Time elapsed:  5815.384999848902
VM2313 previewScripts.js:16 ----------------------------
VM2313 previewScripts.js:16 0.x:  389.0024928042763
VM2313 previewScripts.js:16 0.y:  271.26793457983064
VM2313 previewScripts.js:16 1.x:  412.25925854539776
VM2313 previewScripts.js:16 1.y:  234.44678769474137
VM2313 previewScripts.js:16 2.x:  358.93764302512125
VM2313 previewScripts.js:16 2.y:  241.0805350855777
VM2313 previewScripts.js:16 3.x:  444.5902673078094
VM2313 previewScripts.js:16 3.y:  241.1214765284726
VM2313 previewScripts.js:16 4.x:  330.22812752231056
VM2313 previewScripts.js:16 4.y:  252.8909313655504
VM2313 previewScripts.js:16 5.x:  471.71723661366957
VM2313 previewScripts.js:16 5.y:  323.07081196507977
VM2313 previewScripts.js:16 6.x:  326.63690578170684
VM2313 previewScripts.js:16 6.y:  323.31313819216007
VM2313 previewScripts.js:16 7.x:  567.0688847770467
VM2313 previewScripts.js:16 7.y:  303.50805092973314
VM2313 previewScripts.js:16 8.x:  255.90534738165127
VM2313 previewScripts.js:16 8.y:  322.8119074949744
VM2313 previewScripts.js:16 9.x:  618.0105366994995
VM2313 previewScripts.js:16 9.y:  314.8943345216747
VM2313 previewScripts.js:16 10.x:  232.74643925895467
VM2313 previewScripts.js:16 10.y:  296.1353110151681
VM2313 previewScripts.js:16 11.x:  469.86558166860834
VM2313 previewScripts.js:16 11.y:  529.8494602969282
VM2313 previewScripts.js:16 12.x:  336.62745663529483
VM2313 previewScripts.js:16 12.y:  508.2298424555312
VM2313 previewScripts.js:16 13.x:  459.3165582615962
VM2313 previewScripts.js:16 13.y:  555.9676707604242
VM2313 previewScripts.js:16 14.x:  340.81495021054155
VM2313 previewScripts.js:16 14.y:  547.3128023203353
VM2313 previewScripts.js:16 15.x:  456.4324763783237
VM2313 previewScripts.js:16 15.y:  560.8500681797199
VM2313 previewScripts.js:16 16.x:  359.90589621471383
VM2313 previewScripts.js:16 16.y:  556.8610843115615
VM2313 previewScripts.js:16 Time elapsed:  5901.610000059009
VM2313 previewScripts.js:16 ----------------------------
VM2313 previewScripts.js:16 0.x:  384.88956979376064
VM2313 previewScripts.js:16 0.y:  278.41605366786786
VM2313 previewScripts.js:16 1.x:  412.45411357916817
VM2313 previewScripts.js:16 1.y:  242.83005593580577
VM2313 previewScripts.js:16 2.x:  357.36720347265054
VM2313 previewScripts.js:16 2.y:  247.01684546517117
VM2313 previewScripts.js:16 3.x:  446.65616397969205
VM2313 previewScripts.js:16 3.y:  251.4663731982136
VM2313 previewScripts.js:16 4.x:  333.1738245556926
VM2313 previewScripts.js:16 4.y:  259.56019206353795
VM2313 previewScripts.js:16 5.x:  482.0723496821889
VM2313 previewScripts.js:16 5.y:  328.1987311826115
VM2313 previewScripts.js:16 6.x:  300.4270046449776
VM2313 previewScripts.js:16 6.y:  329.67002407616803
VM2313 previewScripts.js:16 7.x:  583.6675570303934
VM2313 previewScripts.js:16 7.y:  268.42424359237936
VM2313 previewScripts.js:16 8.x:  179.74155359100877
VM2313 previewScripts.js:16 8.y:  311.94307383040933
VM2313 previewScripts.js:16 9.x:  599.3767395540054
VM2313 previewScripts.js:16 9.y:  223.32344397234402
VM2313 previewScripts.js:16 10.x:  270.8106039839181
VM2313 previewScripts.js:16 10.y:  181.6273210016143
VM2313 previewScripts.js:16 11.x:  497.0282465765583
VM2313 previewScripts.js:16 11.y:  513.3842209486933
VM2313 previewScripts.js:16 12.x:  304.3067310474537
VM2313 previewScripts.js:16 12.y:  529.0680996483994
VM2313 previewScripts.js:16 13.x:  497.0512214645772
VM2313 previewScripts.js:16 13.y:  553.7916758278889
VM2313 previewScripts.js:16 14.x:  321.17256833795915
VM2313 previewScripts.js:16 14.y:  549.5924320927372
VM2313 previewScripts.js:16 15.x:  493.83600900512454
VM2313 previewScripts.js:16 15.y:  560.370609513965
VM2313 previewScripts.js:16 16.x:  318.6555466828523
VM2313 previewScripts.js:16 16.y:  554.5079549153645
VM2313 previewScripts.js:16 Time elapsed:  6211.584999924526
VM2313 previewScripts.js:16 ----------------------------
VM2313 previewScripts.js:16 0.x:  393.7022188718323
VM2313 previewScripts.js:16 0.y:  237.90039880466276
VM2313 previewScripts.js:16 1.x:  422.47592353448994
VM2313 previewScripts.js:16 1.y:  215.38612915990876
VM2313 previewScripts.js:16 2.x:  370.38019369917305
VM2313 previewScripts.js:16 2.y:  206.78726345010205
VM2313 previewScripts.js:16 3.x:  449.2439433612786
VM2313 previewScripts.js:16 3.y:  237.97998320521896
VM2313 previewScripts.js:16 4.x:  338.38280475162856
VM2313 previewScripts.js:16 4.y:  225.49070302505936
VM2313 previewScripts.js:16 5.x:  481.63108364648053
VM2313 previewScripts.js:16 5.y:  336.81347703840765
VM2313 previewScripts.js:16 6.x:  276.15179139968245
VM2313 previewScripts.js:16 6.y:  352.0667830498827
VM2313 previewScripts.js:16 7.x:  554.1170758996558
VM2313 previewScripts.js:16 7.y:  418.46479185375784
VM2313 previewScripts.js:16 8.x:  193.49383437842653
VM2313 previewScripts.js:16 8.y:  459.47856549863457
VM2313 previewScripts.js:16 9.x:  545.8951132850573
VM2313 previewScripts.js:16 9.y:  418.0081383480198
VM2313 previewScripts.js:16 10.x:  219.74551942613388
VM2313 previewScripts.js:16 10.y:  418.6643580386513
VM2313 previewScripts.js:16 11.x:  460.3844801398978
VM2313 previewScripts.js:16 11.y:  531.0886357774046
VM2313 previewScripts.js:16 12.x:  303.48594620911
VM2313 previewScripts.js:16 12.y:  527.460275988365
VM2313 previewScripts.js:16 13.x:  457.66657898068195
VM2313 previewScripts.js:16 13.y:  549.6673125923261
VM2313 previewScripts.js:16 14.x:  320.5023500468531
VM2313 previewScripts.js:16 14.y:  548.852045308312
VM2313 previewScripts.js:16 15.x:  454.8191137481154
VM2313 previewScripts.js:16 15.y:  556.4717845656486
VM2313 previewScripts.js:16 16.x:  317.9415908426801
VM2313 previewScripts.js:16 16.y:  553.938140274256
VM2313 previewScripts.js:16 Time elapsed:  6299.274999881163
VM2313 previewScripts.js:16 ----------------------------
VM2313 previewScripts.js:16 0.x:  388.3502179419088
VM2313 previewScripts.js:16 0.y:  230.92135185851453
VM2313 previewScripts.js:16 1.x:  418.72606032075936
VM2313 previewScripts.js:16 1.y:  210.99752325760687
VM2313 previewScripts.js:16 2.x:  365.5321682638127
VM2313 previewScripts.js:16 2.y:  199.6759012382165
VM2313 previewScripts.js:16 3.x:  436.18180154127447
VM2313 previewScripts.js:16 3.y:  236.71209175451918
VM2313 previewScripts.js:16 4.x:  326.9759822495964
VM2313 previewScripts.js:16 4.y:  215.75020267717088
VM2313 previewScripts.js:16 5.x:  475.3141781693546
VM2313 previewScripts.js:16 5.y:  336.26519959804835
VM2313 previewScripts.js:16 6.x:  257.2729716756423
VM2313 previewScripts.js:16 6.y:  368.4185767220242
VM2313 previewScripts.js:16 7.x:  595.7377936826115
VM2313 previewScripts.js:16 7.y:  397.88382903874265
VM2313 previewScripts.js:16 8.x:  136.20502434743543
VM2313 previewScripts.js:16 8.y:  494.27644279732806
VM2313 previewScripts.js:16 9.x:  557.4647084732502
VM2313 previewScripts.js:16 9.y:  374.43621302673455
VM2313 previewScripts.js:16 10.x:  193.18905122098866
VM2313 previewScripts.js:16 10.y:  410.3697766755756
VM2313 previewScripts.js:16 11.x:  454.0326022915905
VM2313 previewScripts.js:16 11.y:  549.2647381460922
VM2313 previewScripts.js:16 12.x:  282.2317707143564
VM2313 previewScripts.js:16 12.y:  531.5870425575657
VM2313 previewScripts.js:16 13.x:  438.37902552435503
VM2313 previewScripts.js:16 13.y:  556.5522633751466
VM2313 previewScripts.js:16 14.x:  298.3169712564866
VM2313 previewScripts.js:16 14.y:  538.7362398181045
VM2313 previewScripts.js:16 15.x:  434.73566393638447
VM2313 previewScripts.js:16 15.y:  561.0744110464352
VM2313 previewScripts.js:16 16.x:  297.52481516341714
VM2313 previewScripts.js:16 16.y:  555.3293283919842
VM2313 previewScripts.js:16 Time elapsed:  6390.3999999165535
VM2313 previewScripts.js:16 ----------------------------
VM2313 previewScripts.js:16 0.x:  387.7430632890549
VM2313 previewScripts.js:16 0.y:  222.90300990173455
VM2313 previewScripts.js:16 1.x:  416.1679909986827
VM2313 previewScripts.js:16 1.y:  203.96635535167673
VM2313 previewScripts.js:16 2.x:  359.6247302347224
VM2313 previewScripts.js:16 2.y:  196.2140380383467
VM2313 previewScripts.js:16 3.x:  438.27977141441653
VM2313 previewScripts.js:16 3.y:  228.0402301394219
VM2313 previewScripts.js:16 4.x:  324.9119737413194
VM2313 previewScripts.js:16 4.y:  228.65189163773147
VM2313 previewScripts.js:16 5.x:  505.59992680540324
VM2313 previewScripts.js:16 5.y:  349.03356719435305
VM2313 previewScripts.js:16 6.x:  231.52215611864946
VM2313 previewScripts.js:16 6.y:  386.2018375508269
VM2313 previewScripts.js:16 7.x:  573.3556599458988
VM2313 previewScripts.js:16 7.y:  434.09327694779483
VM2313 previewScripts.js:16 8.x:  160.59377346819605
VM2313 previewScripts.js:16 8.y:  550.4598826506914
VM2313 previewScripts.js:16 9.x:  566.140155755056
VM2313 previewScripts.js:16 9.y:  438.73574809024205
VM2313 previewScripts.js:16 10.x:  210.4661027636909
VM2313 previewScripts.js:16 10.y:  474.9493015579312
VM2313 previewScripts.js:16 11.x:  493.0595275997883
VM2313 previewScripts.js:16 11.y:  549.4870405587536
VM2313 previewScripts.js:16 12.x:  263.0605710273133
VM2313 previewScripts.js:16 12.y:  552.1268765038682
VM2313 previewScripts.js:16 13.x:  476.99889110542875
VM2313 previewScripts.js:16 13.y:  551.2926901060703
VM2313 previewScripts.js:16 14.x:  282.26438882987634
VM2313 previewScripts.js:16 14.y:  535.4528475458394
VM2313 previewScripts.js:16 15.x:  475.1005809999581
VM2313 previewScripts.js:16 15.y:  558.3720376384653
VM2313 previewScripts.js:16 16.x:  296.80661474752145
VM2313 previewScripts.js:16 16.y:  557.9489150614302
VM2313 previewScripts.js:16 Time elapsed:  6477.990000043064
VM2313 previewScripts.js:16 ----------------------------
VM2313 previewScripts.js:16 0.x:  393.3103356909798
VM2313 previewScripts.js:16 0.y:  219.0054968969631
VM2313 previewScripts.js:16 1.x:  419.5900474607828
VM2313 previewScripts.js:16 1.y:  197.0048710337856
VM2313 previewScripts.js:16 2.x:  361.3877978705988
VM2313 previewScripts.js:16 2.y:  196.90251549317355
VM2313 previewScripts.js:16 3.x:  449.00611267684724
VM2313 previewScripts.js:16 3.y:  225.92489023190024
VM2313 previewScripts.js:16 4.x:  326.9493474830196
VM2313 previewScripts.js:16 4.y:  229.08234772858793
VM2313 previewScripts.js:16 5.x:  488.0320826004355
VM2313 previewScripts.js:16 5.y:  346.0185744376675
VM2313 previewScripts.js:16 6.x:  267.8821705005787
VM2313 previewScripts.js:16 6.y:  376.7666520384552
VM2313 previewScripts.js:16 7.x:  568.7739976433053
VM2313 previewScripts.js:16 7.y:  366.7749285186708
VM2313 previewScripts.js:16 8.x:  204.51042219909309
VM2313 previewScripts.js:16 8.y:  536.3261596501222
VM2313 previewScripts.js:16 9.x:  589.0513078418159
VM2313 previewScripts.js:16 9.y:  328.42479802479284
VM2313 previewScripts.js:16 10.x:  233.251706247906
VM2313 previewScripts.js:16 10.y:  484.3657305087262
VM2313 previewScripts.js:16 11.x:  475.31929030985395
VM2313 previewScripts.js:16 11.y:  530.5106625919453
VM2313 previewScripts.js:16 12.x:  300.86725528709604
VM2313 previewScripts.js:16 12.y:  552.454126071744
VM2313 previewScripts.js:16 13.x:  460.477001643785
VM2313 previewScripts.js:16 13.y:  552.1886624044378
VM2313 previewScripts.js:16 14.x:  298.2158390959801
VM2313 previewScripts.js:16 14.y:  537.2902368616175
VM2313 previewScripts.js:16 15.x:  456.6948699951172
VM2313 previewScripts.js:16 15.y:  558.0387145222743
VM2313 previewScripts.js:16 16.x:  298.73579527202406
VM2313 previewScripts.js:16 16.y:  556.6161472848516
VM2313 previewScripts.js:16 Time elapsed:  6751.325000077486
VM2313 previewScripts.js:16 ----------------------------
VM2313 previewScripts.js:16 0.x:  411.66169343171293
VM2313 previewScripts.js:16 0.y:  256.6835682294522
VM2313 previewScripts.js:16 1.x:  439.9957184670729
VM2313 previewScripts.js:16 1.y:  218.5537609672918
VM2313 previewScripts.js:16 2.x:  373.6720409727933
VM2313 previewScripts.js:16 2.y:  222.27513155277245
VM2313 previewScripts.js:16 3.x:  473.75844141196086
VM2313 previewScripts.js:16 3.y:  241.346457706325
VM2313 previewScripts.js:16 4.x:  340.8439725463153
VM2313 previewScripts.js:16 4.y:  245.66999409398602
VM2313 previewScripts.js:16 5.x:  502.5080422444185
VM2313 previewScripts.js:16 5.y:  349.1103697659676
VM2313 previewScripts.js:16 6.x:  288.57262802867626
VM2313 previewScripts.js:16 6.y:  388.4524113764772
VM2313 previewScripts.js:16 7.x:  603.2361152158146
VM2313 previewScripts.js:16 7.y:  380.46653464988424
VM2313 previewScripts.js:16 8.x:  245.33350418418004
VM2313 previewScripts.js:16 8.y:  553.8120321827789
VM2313 previewScripts.js:16 9.x:  609.7065957944992
VM2313 previewScripts.js:16 9.y:  337.96839068972344
VM2313 previewScripts.js:16 10.x:  289.00964986046387
VM2313 previewScripts.js:16 10.y:  542.367857102065
VM2313 previewScripts.js:16 11.x:  515.5757090548093
VM2313 previewScripts.js:16 11.y:  525.5315757587871
VM2313 previewScripts.js:16 12.x:  321.5221238461619
VM2313 previewScripts.js:16 12.y:  550.716674090826
VM2313 previewScripts.js:16 13.x:  514.3774131492332
VM2313 previewScripts.js:16 13.y:  538.1891408998366
VM2313 previewScripts.js:16 14.x:  336.1217675757454
VM2313 previewScripts.js:16 14.y:  538.207939252054
VM2313 previewScripts.js:16 15.x:  514.5673586006982
VM2313 previewScripts.js:16 15.y:  554.9373491372746
VM2313 previewScripts.js:16 16.x:  337.06477531447973
VM2313 previewScripts.js:16 16.y:  558.1614298011824
VM2313 previewScripts.js:16 Time elapsed:  6838.065000018105
VM2313 previewScripts.js:16 ----------------------------
VM2313 previewScripts.js:16 0.x:  404.8519445348669
VM2313 previewScripts.js:16 0.y:  267.55634687100235
VM2313 previewScripts.js:16 1.x:  432.49432361149184
VM2313 previewScripts.js:16 1.y:  222.69986158225964
VM2313 previewScripts.js:16 2.x:  363.16825256942536
VM2313 previewScripts.js:16 2.y:  229.7584649693896
VM2313 previewScripts.js:16 3.x:  465.7774141843323
VM2313 previewScripts.js:16 3.y:  236.17221795095105
VM2313 previewScripts.js:16 4.x:  331.755883884244
VM2313 previewScripts.js:16 4.y:  252.61020236545136
VM2313 previewScripts.js:16 5.x:  527.5482308608979
VM2313 previewScripts.js:16 5.y:  366.12856502421414
VM2313 previewScripts.js:16 6.x:  269.3610737523605
VM2313 previewScripts.js:16 6.y:  411.31742362158104
VM2313 previewScripts.js:16 7.x:  550.6268798352218
VM2313 previewScripts.js:16 7.y:  466.16733424612414
VM2313 previewScripts.js:16 8.x:  217.19446163660834
VM2313 previewScripts.js:16 8.y:  551.3385378594054
VM2313 previewScripts.js:16 9.x:  521.2232443231355
VM2313 previewScripts.js:16 9.y:  478.64531898126734
VM2313 previewScripts.js:16 10.x:  239.61823710688836
VM2313 previewScripts.js:16 10.y:  537.7139770031905
VM2313 previewScripts.js:16 11.x:  511.88081321195784
VM2313 previewScripts.js:16 11.y:  531.7796560662996
VM2313 previewScripts.js:16 12.x:  321.5092240718373
VM2313 previewScripts.js:16 12.y:  555.1995394522684
VM2313 previewScripts.js:16 13.x:  500.73751126116474
VM2313 previewScripts.js:16 13.y:  552.3020771465339
VM2313 previewScripts.js:16 14.x:  336.85991224024957
VM2313 previewScripts.js:16 14.y:  536.4608971370823
VM2313 previewScripts.js:16 15.x:  496.1979481955485
VM2313 previewScripts.js:16 15.y:  557.4540862144783
VM2313 previewScripts.js:16 16.x:  338.20705480742873
VM2313 previewScripts.js:16 16.y:  557.4451938800179
VM2313 previewScripts.js:16 Time elapsed:  6929.929999867454
VM2313 previewScripts.js:16 ----------------------------
VM2313 previewScripts.js:16 0.x:  392.25205449332964
VM2313 previewScripts.js:16 0.y:  267.1652739229258
VM2313 previewScripts.js:16 1.x:  416.3587689910948
VM2313 previewScripts.js:16 1.y:  223.4559580782468
VM2313 previewScripts.js:16 2.x:  351.5331174616228
VM2313 previewScripts.js:16 2.y:  238.20011510718865
VM2313 previewScripts.js:16 3.x:  451.7091485631396
VM2313 previewScripts.js:16 3.y:  231.58157497353955
VM2313 previewScripts.js:16 4.x:  316.0278492829023
VM2313 previewScripts.js:16 4.y:  266.68861969172605
VM2313 previewScripts.js:16 5.x:  514.0510695905481
VM2313 previewScripts.js:16 5.y:  357.7700680738304
VM2313 previewScripts.js:16 6.x:  267.9742705287524
VM2313 previewScripts.js:16 6.y:  423.2520958972953
VM2313 previewScripts.js:16 7.x:  597.8051613552993
VM2313 previewScripts.js:16 7.y:  443.6836822688231
VM2313 previewScripts.js:16 8.x:  201.4975064818622
VM2313 previewScripts.js:16 8.y:  554.0974806995652
VM2313 previewScripts.js:16 9.x:  624.1759730407833
VM2313 previewScripts.js:16 9.y:  439.45247207701084
VM2313 previewScripts.js:16 10.x:  221.496590508355
VM2313 previewScripts.js:16 10.y:  536.9959782531619
VM2313 previewScripts.js:16 11.x:  495.6216112400821
VM2313 previewScripts.js:16 11.y:  552.1656219303956
VM2313 previewScripts.js:16 12.x:  300.88316369010226
VM2313 previewScripts.js:16 12.y:  555.644611559416
VM2313 previewScripts.js:16 13.x:  480.764534784804
VM2313 previewScripts.js:16 13.y:  557.4130396257367
VM2313 previewScripts.js:16 14.x:  316.70919526157786
VM2313 previewScripts.js:16 14.y:  536.9902538277252
VM2313 previewScripts.js:16 15.x:  474.7251948603877
VM2313 previewScripts.js:16 15.y:  559.1971341629475
VM2313 previewScripts.js:16 16.x:  320.1016409355297
VM2313 previewScripts.js:16 16.y:  554.6351165474042
VM2313 previewScripts.js:16 Time elapsed:  7285.110000055283
VM2313 previewScripts.js:16 ----------------------------
VM2313 previewScripts.js:16 0.x:  445.59435154727095
VM2313 previewScripts.js:16 0.y:  229.9302021941246
VM2313 previewScripts.js:16 1.x:  478.06754969249226
VM2313 previewScripts.js:16 1.y:  210.60059664542212
VM2313 previewScripts.js:16 2.x:  414.83021667361487
VM2313 previewScripts.js:16 2.y:  192.84131382873414
VM2313 previewScripts.js:16 3.x:  497.7001695837426
VM2313 previewScripts.js:16 3.y:  235.8116732889216
VM2313 previewScripts.js:16 4.x:  364.11058719627573
VM2313 previewScripts.js:16 4.y:  221.19828757719222
VM2313 previewScripts.js:16 5.x:  528.6341848986888
VM2313 previewScripts.js:16 5.y:  383.13034860711343
VM2313 previewScripts.js:16 6.x:  262.50949435763886
VM2313 previewScripts.js:16 6.y:  382.13921500460674
VM2313 previewScripts.js:16 7.x:  591.9713397704602
VM2313 previewScripts.js:16 7.y:  540.2949202688117
VM2313 previewScripts.js:16 8.x:  201.17009584899068
VM2313 previewScripts.js:16 8.y:  550.2452007092927
VM2313 previewScripts.js:16 9.x:  529.0005534805981
VM2313 previewScripts.js:16 9.y:  522.2648311265496
VM2313 previewScripts.js:16 10.x:  253.17174483925743
VM2313 previewScripts.js:16 10.y:  496.52564719871236
VM2313 previewScripts.js:16 11.x:  497.86731876127897
VM2313 previewScripts.js:16 11.y:  555.1461833634106
VM2313 previewScripts.js:16 12.x:  285.689841822574
VM2313 previewScripts.js:16 12.y:  559.0428698690314
VM2313 previewScripts.js:16 13.x:  504.2186393514711
VM2313 previewScripts.js:16 13.y:  549.7767695674189
VM2313 previewScripts.js:16 14.x:  300.0082941036708
VM2313 previewScripts.js:16 14.y:  554.2186661212764
VM2313 previewScripts.js:16 15.x:  498.6952367860671
VM2313 previewScripts.js:16 15.y:  556.6754598041259
VM2313 previewScripts.js:16 16.x:  296.38967770582053
VM2313 previewScripts.js:16 16.y:  559.5435636643081
VM2313 previewScripts.js:16 Time elapsed:  7375.289999879897
VM2313 previewScripts.js:16 ----------------------------
VM2313 previewScripts.js:16 0.x:  452.95384100306103
VM2313 previewScripts.js:16 0.y:  235.00476681001004
VM2313 previewScripts.js:16 1.x:  487.69718341195323
VM2313 previewScripts.js:16 1.y:  216.0520929109748
VM2313 previewScripts.js:16 2.x:  425.73562235395343
VM2313 previewScripts.js:16 2.y:  193.72065553423488
VM2313 previewScripts.js:16 3.x:  506.04209855286
VM2313 previewScripts.js:16 3.y:  245.18877174422056
VM2313 previewScripts.js:16 4.x:  371.7820439329389
VM2313 previewScripts.js:16 4.y:  214.4880164668806
VM2313 previewScripts.js:16 5.x:  531.4245296128777
VM2313 previewScripts.js:16 5.y:  370.97253215707997
VM2313 previewScripts.js:16 6.x:  256.7736275061297
VM2313 previewScripts.js:16 6.y:  389.70609014262
VM2313 previewScripts.js:16 7.x:  566.7425441927844
VM2313 previewScripts.js:16 7.y:  520.6571883114225
VM2313 previewScripts.js:16 8.x:  185.1676771375868
VM2313 previewScripts.js:16 8.y:  551.1057226467318
VM2313 previewScripts.js:16 9.x:  532.4420005396793
VM2313 previewScripts.js:16 9.y:  515.0593162373027
VM2313 previewScripts.js:16 10.x:  224.55901028817158
VM2313 previewScripts.js:16 10.y:  539.1304044742101
VM2313 previewScripts.js:16 11.x:  496.1239222476357
VM2313 previewScripts.js:16 11.y:  549.9198172942937
VM2313 previewScripts.js:16 12.x:  285.562329506084
VM2313 previewScripts.js:16 12.y:  555.0008486028303
VM2313 previewScripts.js:16 13.x:  481.35794671190644
VM2313 previewScripts.js:16 13.y:  553.5917131152534
VM2313 previewScripts.js:16 14.x:  303.37362248530394
VM2313 previewScripts.js:16 14.y:  549.1237296835023
VM2313 previewScripts.js:16 15.x:  476.11484609384513
VM2313 previewScripts.js:16 15.y:  558.2123631482933
VM2313 previewScripts.js:16 16.x:  317.592907435248
VM2313 previewScripts.js:16 16.y:  558.0606541624311
VM2313 previewScripts.js:16 Time elapsed:  7465.799999888986
VM2313 previewScripts.js:16 ----------------------------
VM2313 previewScripts.js:16 0.x:  457.91416346678255
VM2313 previewScripts.js:16 0.y:  241.21849342628758
VM2313 previewScripts.js:16 1.x:  489.5273225721095
VM2313 previewScripts.js:16 1.y:  221.79178873697913
VM2313 previewScripts.js:16 2.x:  428.4913727461013
VM2313 previewScripts.js:16 2.y:  199.4102244999906
VM2313 previewScripts.js:16 3.x:  505.58955677768637
VM2313 previewScripts.js:16 3.y:  245.45226812827423
VM2313 previewScripts.js:16 4.x:  374.6817828618992
VM2313 previewScripts.js:16 4.y:  219.45973086775393
VM2313 previewScripts.js:16 5.x:  503.1945765088176
VM2313 previewScripts.js:16 5.y:  360.81954985798916
VM2313 previewScripts.js:16 6.x:  262.87830850999023
VM2313 previewScripts.js:16 6.y:  381.6659415023833
VM2313 previewScripts.js:16 7.x:  591.0049973872669
VM2313 previewScripts.js:16 7.y:  479.1359652506212
VM2313 previewScripts.js:16 8.x:  201.18308916891294
VM2313 previewScripts.js:16 8.y:  538.3793630841648
VM2313 previewScripts.js:16 9.x:  576.9581131070678
VM2313 previewScripts.js:16 9.y:  473.05652521739455
VM2313 previewScripts.js:16 10.x:  270.2345475165235
VM2313 previewScripts.js:16 10.y:  494.9320799472504
VM2313 previewScripts.js:16 11.x:  495.9979173686304
VM2313 previewScripts.js:16 11.y:  535.9584729527404
VM2313 previewScripts.js:16 12.x:  284.131306728192
VM2313 previewScripts.js:16 12.y:  554.7904608356557
VM2313 previewScripts.js:16 13.x:  482.1206224824485
VM2313 previewScripts.js:16 13.y:  540.2621901662726
VM2313 previewScripts.js:16 14.x:  294.7866318611606
VM2313 previewScripts.js:16 14.y:  536.2704536185162
VM2313 previewScripts.js:16 15.x:  478.48676428692613
VM2313 previewScripts.js:16 15.y:  557.4506144681636
VM2313 previewScripts.js:16 16.x:  298.7510113781191
VM2313 previewScripts.js:16 16.y:  557.5859172441806
VM2313 previewScripts.js:16 Time elapsed:  7767.444999888539
VM2313 previewScripts.js:16 ----------------------------
DevTools failed to load SourceMap: Could not load content for chrome-extension://gighmmpiobklfepjocnamgkkbiglidom/include.preload.js.map: HTTP error: status code 404, net::ERR_UNKNOWN_URL_SCHEME
DevTools failed to load SourceMap: Could not load content for chrome-extension://gighmmpiobklfepjocnamgkkbiglidom/include.postload.js.map: HTTP error: status code 404, net::ERR_UNKNOWN_URL_SCHEME
