DevTools failed to load SourceMap: Could not load content for chrome-extension://gighmmpiobklfepjocnamgkkbiglidom/include.preload.js.map: HTTP error: status code 404, net::ERR_UNKNOWN_URL_SCHEME
DevTools failed to load SourceMap: Could not load content for chrome-extension://gighmmpiobklfepjocnamgkkbiglidom/include.postload.js.map: HTTP error: status code 404, net::ERR_UNKNOWN_URL_SCHEME
VM2257 previewScripts.js:16 Model is ready.
VM2257 previewScripts.js:16 0.x:  374.3762989304451
VM2257 previewScripts.js:16 0.y:  224.65134291620979
VM2257 previewScripts.js:16 1.x:  401.89975731089334
VM2257 previewScripts.js:16 1.y:  194.30977923595879
VM2257 previewScripts.js:16 2.x:  345.57734201293704
VM2257 previewScripts.js:16 2.y:  194.19580589725723
VM2257 previewScripts.js:16 3.x:  431.89496075665505
VM2257 previewScripts.js:16 3.y:  215.7708094784623
VM2257 previewScripts.js:16 4.x:  314.65026766236065
VM2257 previewScripts.js:16 4.y:  218.2901125158715
VM2257 previewScripts.js:16 5.x:  476.9238505818923
VM2257 previewScripts.js:16 5.y:  344.6260436654788
VM2257 previewScripts.js:16 6.x:  252.9351045188383
VM2257 previewScripts.js:16 6.y:  374.39909252739324
VM2257 previewScripts.js:16 7.x:  542.0024468791879
VM2257 previewScripts.js:16 7.y:  528.0780302943774
VM2257 previewScripts.js:16 8.x:  200.00231079190795
VM2257 previewScripts.js:16 8.y:  541.5154368975009
VM2257 previewScripts.js:16 9.x:  512.245167514734
VM2257 previewScripts.js:16 9.y:  519.7345806515937
VM2257 previewScripts.js:16 10.x:  282.8520598234954
VM2257 previewScripts.js:16 10.y:  516.1240519324706
VM2257 previewScripts.js:16 11.x:  457.37673367208436
VM2257 previewScripts.js:16 11.y:  550.9436689529269
VM2257 previewScripts.js:16 12.x:  300.69893894604536
VM2257 previewScripts.js:16 12.y:  557.2504062169244
VM2257 previewScripts.js:16 13.x:  461.8589720251964
VM2257 previewScripts.js:16 13.y:  551.7534936380665
VM2257 previewScripts.js:16 14.x:  321.4160498308624
VM2257 previewScripts.js:16 14.y:  550.1349013776575
VM2257 previewScripts.js:16 15.x:  456.2309158057497
VM2257 previewScripts.js:16 15.y:  559.6482675117359
VM2257 previewScripts.js:16 16.x:  335.61917221337035
VM2257 previewScripts.js:16 16.y:  555.9208798176131
VM2257 previewScripts.js:16 Time elapsed:  4173.395000165328
VM2257 previewScripts.js:16 ----------------------------
VM2257 previewScripts.js:16 0.x:  387.03233982852095
VM2257 previewScripts.js:16 0.y:  229.72114072208512
VM2257 previewScripts.js:16 1.x:  416.5484794631571
VM2257 previewScripts.js:16 1.y:  199.02432618317778
VM2257 previewScripts.js:16 2.x:  359.2173679158469
VM2257 previewScripts.js:16 2.y:  197.33049790529248
VM2257 previewScripts.js:16 3.x:  442.2570851346438
VM2257 previewScripts.js:16 3.y:  221.43564979002952
VM2257 previewScripts.js:16 4.x:  327.2591972722877
VM2257 previewScripts.js:16 4.y:  219.47964327144808
VM2257 previewScripts.js:16 5.x:  484.96795654296875
VM2257 previewScripts.js:16 5.y:  340.86928220752617
VM2257 previewScripts.js:16 6.x:  267.3123983937165
VM2257 previewScripts.js:16 6.y:  365.9915149235121
VM2257 previewScripts.js:16 7.x:  543.3667709023399
VM2257 previewScripts.js:16 7.y:  519.7302159091882
VM2257 previewScripts.js:16 8.x:  219.8167330200909
VM2257 previewScripts.js:16 8.y:  551.4223975466008
VM2257 previewScripts.js:16 9.x:  517.3582373725043
VM2257 previewScripts.js:16 9.y:  522.6594014009769
VM2257 previewScripts.js:16 10.x:  270.7335188421357
VM2257 previewScripts.js:16 10.y:  495.8317084061472
VM2257 previewScripts.js:16 11.x:  460.42320980198434
VM2257 previewScripts.js:16 11.y:  550.6889911376477
VM2257 previewScripts.js:16 12.x:  319.20613580744634
VM2257 previewScripts.js:16 12.y:  555.8706804836935
VM2257 previewScripts.js:16 13.x:  462.02038294623003
VM2257 previewScripts.js:16 13.y:  551.7382425825033
VM2257 previewScripts.js:16 14.x:  341.1583743922659
VM2257 previewScripts.js:16 14.y:  553.3500644616913
VM2257 previewScripts.js:16 15.x:  457.0519866348475
VM2257 previewScripts.js:16 15.y:  558.5621778960349
VM2257 previewScripts.js:16 16.x:  335.9534217879089
VM2257 previewScripts.js:16 16.y:  555.9244916592424
VM2257 previewScripts.js:16 Time elapsed:  4316.730000078678
VM2257 previewScripts.js:16 ----------------------------
VM2257 previewScripts.js:16 0.x:  392.39130626180247
VM2257 previewScripts.js:16 0.y:  230.29972723352978
VM2257 previewScripts.js:16 1.x:  418.44920234605814
VM2257 previewScripts.js:16 1.y:  199.75094200342488
VM2257 previewScripts.js:16 2.x:  363.0548125447353
VM2257 previewScripts.js:16 2.y:  196.85846101935613
VM2257 previewScripts.js:16 3.x:  444.1067186619571
VM2257 previewScripts.js:16 3.y:  220.90194404706153
VM2257 previewScripts.js:16 4.x:  329.1520795022767
VM2257 previewScripts.js:16 4.y:  220.78724985698972
VM2257 previewScripts.js:16 5.x:  486.4054237053408
VM2257 previewScripts.js:16 5.y:  344.54448618154544
VM2257 previewScripts.js:16 6.x:  261.10161437393396
VM2257 previewScripts.js:16 6.y:  370.05291974103005
VM2257 previewScripts.js:16 7.x:  547.3124662105567
VM2257 previewScripts.js:16 7.y:  524.2084174500106
VM2257 previewScripts.js:16 8.x:  199.1923927470722
VM2257 previewScripts.js:16 8.y:  538.9182477341293
VM2257 previewScripts.js:16 9.x:  514.2122586196393
VM2257 previewScripts.js:16 9.y:  517.5980766846654
VM2257 previewScripts.js:16 10.x:  241.94098295988857
VM2257 previewScripts.js:16 10.y:  470.3451900965521
VM2257 previewScripts.js:16 11.x:  462.7844511928149
VM2257 previewScripts.js:16 11.y:  556.8162251076503
VM2257 previewScripts.js:16 12.x:  320.24999941998755
VM2257 previewScripts.js:16 12.y:  554.9869666740908
VM2257 previewScripts.js:16 13.x:  463.01878574066455
VM2257 previewScripts.js:16 13.y:  552.5898507696378
VM2257 previewScripts.js:16 14.x:  339.2864467665466
VM2257 previewScripts.js:16 14.y:  552.2166136505543
VM2257 previewScripts.js:16 15.x:  457.05242699814585
VM2257 previewScripts.js:16 15.y:  560.6070563481798
VM2257 previewScripts.js:16 16.x:  336.3053046332465
VM2257 previewScripts.js:16 16.y:  556.2062096549289
VM2257 previewScripts.js:16 Time elapsed:  4450.845000101253
VM2257 previewScripts.js:16 ----------------------------
VM2257 previewScripts.js:16 0.x:  394.33018169440254
VM2257 previewScripts.js:16 0.y:  227.27285463210433
VM2257 previewScripts.js:16 1.x:  420.95890855696234
VM2257 previewScripts.js:16 1.y:  199.22726662767792
VM2257 previewScripts.js:16 2.x:  364.7515762061403
VM2257 previewScripts.js:16 2.y:  198.14379046999687
VM2257 previewScripts.js:16 3.x:  448.0972343578673
VM2257 previewScripts.js:16 3.y:  224.84712359036155
VM2257 previewScripts.js:16 4.x:  330.9339164153874
VM2257 previewScripts.js:16 4.y:  218.81233575980798
VM2257 previewScripts.js:16 5.x:  486.80853949652777
VM2257 previewScripts.js:16 5.y:  343.59905399077115
VM2257 previewScripts.js:16 6.x:  260.61825423212775
VM2257 previewScripts.js:16 6.y:  367.71471287539595
VM2257 previewScripts.js:16 7.x:  554.7118673640617
VM2257 previewScripts.js:16 7.y:  522.9171294868573
VM2257 previewScripts.js:16 8.x:  219.9962341204489
VM2257 previewScripts.js:16 8.y:  550.819520113761
VM2257 previewScripts.js:16 9.x:  516.9694185907613
VM2257 previewScripts.js:16 9.y:  520.5666039003963
VM2257 previewScripts.js:16 10.x:  244.42520468788072
VM2257 previewScripts.js:16 10.y:  543.0288428591008
VM2257 previewScripts.js:16 11.x:  459.88640389247246
VM2257 previewScripts.js:16 11.y:  549.9488738359298
VM2257 previewScripts.js:16 12.x:  301.9668400636193
VM2257 previewScripts.js:16 12.y:  556.3062386020117
VM2257 previewScripts.js:16 13.x:  463.28900937680845
VM2257 previewScripts.js:16 13.y:  553.3079157005741
VM2257 previewScripts.js:16 14.x:  322.0458945707503
VM2257 previewScripts.js:16 14.y:  551.4656010380497
VM2257 previewScripts.js:16 15.x:  457.45917679041213
VM2257 previewScripts.js:16 15.y:  560.3676688508448
VM2257 previewScripts.js:16 16.x:  337.1355008428324
VM2257 previewScripts.js:16 16.y:  556.4147926910579
VM2257 previewScripts.js:16 Time elapsed:  4545.765000162646
VM2257 previewScripts.js:16 ----------------------------
VM2257 previewScripts.js:16 0.x:  395.3911038820739
VM2257 previewScripts.js:16 0.y:  228.05149546840732
VM2257 previewScripts.js:16 1.x:  421.92188077038026
VM2257 previewScripts.js:16 1.y:  199.27678567391854
VM2257 previewScripts.js:16 2.x:  365.340539289032
VM2257 previewScripts.js:16 2.y:  197.75474994503264
VM2257 previewScripts.js:16 3.x:  449.4518495674951
VM2257 previewScripts.js:16 3.y:  221.99562444556756
VM2257 previewScripts.js:16 4.x:  331.09722888492934
VM2257 previewScripts.js:16 4.y:  215.82468103479454
VM2257 previewScripts.js:16 5.x:  489.22258819520584
VM2257 previewScripts.js:16 5.y:  345.8932905587536
VM2257 previewScripts.js:16 6.x:  258.68155949761757
VM2257 previewScripts.js:16 6.y:  372.1529812282986
VM2257 previewScripts.js:16 7.x:  544.5464707164504
VM2257 previewScripts.js:16 7.y:  522.3641985619975
VM2257 previewScripts.js:16 8.x:  200.58166608011047
VM2257 previewScripts.js:16 8.y:  539.6718790005987
VM2257 previewScripts.js:16 9.x:  527.3059189110471
VM2257 previewScripts.js:16 9.y:  503.76776711982586
VM2257 previewScripts.js:16 10.x:  269.549271432977
VM2257 previewScripts.js:16 10.y:  498.08195861459467
VM2257 previewScripts.js:16 11.x:  460.3681092141432
VM2257 previewScripts.js:16 11.y:  552.6531524360761
VM2257 previewScripts.js:16 12.x:  301.3310643246299
VM2257 previewScripts.js:16 12.y:  555.731129488285
VM2257 previewScripts.js:16 13.x:  463.68781731142633
VM2257 previewScripts.js:16 13.y:  550.5184163173504
VM2257 previewScripts.js:16 14.x:  320.3931745265195
VM2257 previewScripts.js:16 14.y:  549.3121117783336
VM2257 previewScripts.js:16 15.x:  457.8840893750999
VM2257 previewScripts.js:16 15.y:  559.7317210414953
VM2257 previewScripts.js:16 16.x:  317.7542933711299
VM2257 previewScripts.js:16 16.y:  555.2866002133018
VM2257 previewScripts.js:16 Time elapsed:  4848.045000107959
VM2257 previewScripts.js:16 ----------------------------
VM2257 previewScripts.js:16 0.x:  395.0606095163445
VM2257 previewScripts.js:16 0.y:  228.43581231249237
VM2257 previewScripts.js:16 1.x:  421.2427321465624
VM2257 previewScripts.js:16 1.y:  198.98962656656897
VM2257 previewScripts.js:16 2.x:  364.65671769824405
VM2257 previewScripts.js:16 2.y:  196.43573813038728
VM2257 previewScripts.js:16 3.x:  445.6842338457907
VM2257 previewScripts.js:16 3.y:  222.92996322899535
VM2257 previewScripts.js:16 4.x:  329.3675782201815
VM2257 previewScripts.js:16 4.y:  219.84745070251108
VM2257 previewScripts.js:16 5.x:  485.59570193523086
VM2257 previewScripts.js:16 5.y:  343.41356184515104
VM2257 previewScripts.js:16 6.x:  258.5066803156981
VM2257 previewScripts.js:16 6.y:  376.86768455579727
VM2257 previewScripts.js:16 7.x:  544.6319389715064
VM2257 previewScripts.js:16 7.y:  527.2632668775889
VM2257 previewScripts.js:16 8.x:  203.1155826799121
VM2257 previewScripts.js:16 8.y:  550.0203188771625
VM2257 previewScripts.js:16 9.x:  513.4476273148148
VM2257 previewScripts.js:16 9.y:  526.4158092000563
VM2257 previewScripts.js:16 10.x:  224.70354284691763
VM2257 previewScripts.js:16 10.y:  541.8303360669469
VM2257 previewScripts.js:16 11.x:  458.3236610308493
VM2257 previewScripts.js:16 11.y:  553.7562213027686
VM2257 previewScripts.js:16 12.x:  298.8520135935287
VM2257 previewScripts.js:16 12.y:  556.5990520871405
VM2257 previewScripts.js:16 13.x:  459.61266467445773
VM2257 previewScripts.js:16 13.y:  551.0727095278615
VM2257 previewScripts.js:16 14.x:  297.9086363199394
VM2257 previewScripts.js:16 14.y:  535.4474037571957
VM2257 previewScripts.js:16 15.x:  456.0969790334125
VM2257 previewScripts.js:16 15.y:  559.6376382630702
VM2257 previewScripts.js:16 16.x:  297.70511471040066
VM2257 previewScripts.js:16 16.y:  555.4149444758543
VM2257 previewScripts.js:16 Time elapsed:  4977.915000170469
VM2257 previewScripts.js:16 ----------------------------
VM2257 previewScripts.js:16 0.x:  389.23471313238605
VM2257 previewScripts.js:16 0.y:  230.32220018769794
VM2257 previewScripts.js:16 1.x:  416.55377393577527
VM2257 previewScripts.js:16 1.y:  200.56289382845335
VM2257 previewScripts.js:16 2.x:  361.88049703081214
VM2257 previewScripts.js:16 2.y:  195.89712369744075
VM2257 previewScripts.js:16 3.x:  441.9115708260043
VM2257 previewScripts.js:16 3.y:  225.39982726931805
VM2257 previewScripts.js:16 4.x:  326.71995523612634
VM2257 previewScripts.js:16 4.y:  218.99404990510402
VM2257 previewScripts.js:16 5.x:  481.9337136192396
VM2257 previewScripts.js:16 5.y:  343.3040186117964
VM2257 previewScripts.js:16 6.x:  262.4175133063779
VM2257 previewScripts.js:16 6.y:  366.27556456924646
VM2257 previewScripts.js:16 7.x:  543.2285438225283
VM2257 previewScripts.js:16 7.y:  527.2989379406905
VM2257 previewScripts.js:16 8.x:  220.26317529511033
VM2257 previewScripts.js:16 8.y:  556.6927941454317
VM2257 previewScripts.js:16 9.x:  512.413036800035
VM2257 previewScripts.js:16 9.y:  517.4664839062309
VM2257 previewScripts.js:16 10.x:  247.04234221757736
VM2257 previewScripts.js:16 10.y:  543.1089360346803
VM2257 previewScripts.js:16 11.x:  477.8508359972264
VM2257 previewScripts.js:16 11.y:  553.1514301262869
VM2257 previewScripts.js:16 12.x:  300.8952562060737
VM2257 previewScripts.js:16 12.y:  555.966438159608
VM2257 previewScripts.js:16 13.x:  479.7888225979275
VM2257 previewScripts.js:16 13.y:  548.8634718510142
VM2257 previewScripts.js:16 14.x:  321.0257395247967
VM2257 previewScripts.js:16 14.y:  549.4828317504645
VM2257 previewScripts.js:16 15.x:  475.8363544545908
VM2257 previewScripts.js:16 15.y:  559.7317585192228
VM2257 previewScripts.js:16 16.x:  317.2619389465213
VM2257 previewScripts.js:16 16.y:  555.9804009926481
VM2257 previewScripts.js:16 Time elapsed:  5240.9600000828505
VM2257 previewScripts.js:16 ----------------------------
VM2257 previewScripts.js:16 0.x:  378.60737560785304
VM2257 previewScripts.js:16 0.y:  228.24192218148448
VM2257 previewScripts.js:16 1.x:  406.12062212551774
VM2257 previewScripts.js:16 1.y:  198.4788971244708
VM2257 previewScripts.js:16 2.x:  351.7427155195388
VM2257 previewScripts.js:16 2.y:  197.92453951770563
VM2257 previewScripts.js:16 3.x:  435.28598391289364
VM2257 previewScripts.js:16 3.y:  220.48659214964152
VM2257 previewScripts.js:16 4.x:  316.8092628761574
VM2257 previewScripts.js:16 4.y:  217.60576378299942
VM2257 previewScripts.js:16 5.x:  476.6092522753145
VM2257 previewScripts.js:16 5.y:  344.04803478694566
VM2257 previewScripts.js:16 6.x:  252.84650419655367
VM2257 previewScripts.js:16 6.y:  377.7127073708101
VM2257 previewScripts.js:16 7.x:  540.8249631587989
VM2257 previewScripts.js:16 7.y:  525.9936838726319
VM2257 previewScripts.js:16 8.x:  203.32341303834673
VM2257 previewScripts.js:16 8.y:  537.554199486448
VM2257 previewScripts.js:16 9.x:  515.4297544245134
VM2257 previewScripts.js:16 9.y:  515.8802700228625
VM2257 previewScripts.js:16 10.x:  271.46175748888277
VM2257 previewScripts.js:16 10.y:  516.233829252901
VM2257 previewScripts.js:16 11.x:  460.10759290431207
VM2257 previewScripts.js:16 11.y:  554.0104193436472
VM2257 previewScripts.js:16 12.x:  300.7019722624364
VM2257 previewScripts.js:16 12.y:  553.2928478694566
VM2257 previewScripts.js:16 13.x:  461.8515698765686
VM2257 previewScripts.js:16 13.y:  552.4257661399321
VM2257 previewScripts.js:16 14.x:  317.23688463950947
VM2257 previewScripts.js:16 14.y:  536.2139880680434
VM2257 previewScripts.js:16 15.x:  456.00843254818085
VM2257 previewScripts.js:16 15.y:  559.786059433489
VM2257 previewScripts.js:16 16.x:  319.51716146971046
VM2257 previewScripts.js:16 16.y:  554.7718736674585
VM2257 previewScripts.js:16 Time elapsed:  5352.889999980107
VM2257 previewScripts.js:16 ----------------------------
VM2257 previewScripts.js:16 0.x:  376.5888750994647
VM2257 previewScripts.js:16 0.y:  227.68911737215217
VM2257 previewScripts.js:16 1.x:  403.8252755029392
VM2257 previewScripts.js:16 1.y:  198.63925086127387
VM2257 previewScripts.js:16 2.x:  347.0096568801017
VM2257 previewScripts.js:16 2.y:  197.916640640467
VM2257 previewScripts.js:16 3.x:  430.6548822414108
VM2257 previewScripts.js:16 3.y:  218.45138616729201
VM2257 previewScripts.js:16 4.x:  312.6200423510219
VM2257 previewScripts.js:16 4.y:  220.4429134197867
VM2257 previewScripts.js:16 5.x:  471.9897609658641
VM2257 previewScripts.js:16 5.y:  345.0681464063261
VM2257 previewScripts.js:16 6.x:  257.72077727736087
VM2257 previewScripts.js:16 6.y:  378.0828289307116
VM2257 previewScripts.js:16 7.x:  542.4508729455066
VM2257 previewScripts.js:16 7.y:  526.358937045984
VM2257 previewScripts.js:16 8.x:  200.01413222641972
VM2257 previewScripts.js:16 8.y:  540.228408605267
VM2257 previewScripts.js:16 9.x:  525.492149189434
VM2257 previewScripts.js:16 9.y:  505.71971038163986
VM2257 previewScripts.js:16 10.x:  279.85720152975756
VM2257 previewScripts.js:16 10.y:  511.82293094389615
VM2257 previewScripts.js:16 11.x:  436.8127282274629
VM2257 previewScripts.js:16 11.y:  553.6316679420992
VM2257 previewScripts.js:16 12.x:  300.24070271274496
VM2257 previewScripts.js:16 12.y:  554.0974598786055
VM2257 previewScripts.js:16 13.x:  440.08298617357394
VM2257 previewScripts.js:16 13.y:  550.6892897696987
VM2257 previewScripts.js:16 14.x:  316.97347466243866
VM2257 previewScripts.js:16 14.y:  535.0225386889125
VM2257 previewScripts.js:16 15.x:  435.7452627557527
VM2257 previewScripts.js:16 15.y:  558.6965905946132
VM2257 previewScripts.js:16 16.x:  318.9197271469741
VM2257 previewScripts.js:16 16.y:  554.685781378495
VM2257 previewScripts.js:16 Time elapsed:  5457.070000004023
VM2257 previewScripts.js:16 ----------------------------
VM2257 previewScripts.js:16 0.x:  373.5993044371726
VM2257 previewScripts.js:16 0.y:  226.8415549949363
VM2257 previewScripts.js:16 1.x:  400.4648578190199
VM2257 previewScripts.js:16 1.y:  197.91939450983415
VM2257 previewScripts.js:16 2.x:  344.0060463472184
VM2257 previewScripts.js:16 2.y:  198.11217280159218
VM2257 previewScripts.js:16 3.x:  428.0650433694642
VM2257 previewScripts.js:16 3.y:  220.56383121780482
VM2257 previewScripts.js:16 4.x:  307.59638200726425
VM2257 previewScripts.js:16 4.y:  220.71262381927312
VM2257 previewScripts.js:16 5.x:  473.43432391131364
VM2257 previewScripts.js:16 5.y:  348.31715961181163
VM2257 previewScripts.js:16 6.x:  253.61490112066733
VM2257 previewScripts.js:16 6.y:  376.196109704804
VM2257 previewScripts.js:16 7.x:  539.6262500904224
VM2257 previewScripts.js:16 7.y:  526.5153780039291
VM2257 previewScripts.js:16 8.x:  201.5747455500255
VM2257 previewScripts.js:16 8.y:  539.7161635460212
VM2257 previewScripts.js:16 9.x:  511.7539915564464
VM2257 previewScripts.js:16 9.y:  521.9369462219595
VM2257 previewScripts.js:16 10.x:  224.7434268825003
VM2257 previewScripts.js:16 10.y:  541.5748786554466
VM2257 previewScripts.js:16 11.x:  436.4100828412448
VM2257 previewScripts.js:16 11.y:  553.1330547369944
VM2257 previewScripts.js:16 12.x:  301.36273701985675
VM2257 previewScripts.js:16 12.y:  555.0256270321256
VM2257 previewScripts.js:16 13.x:  440.3127709699188
VM2257 previewScripts.js:16 13.y:  551.0701985201175
VM2257 previewScripts.js:16 14.x:  322.0139721727278
VM2257 previewScripts.js:16 14.y:  549.4826491209034
VM2257 previewScripts.js:16 15.x:  435.96892447964257
VM2257 previewScripts.js:16 15.y:  559.0008557934974
VM2257 previewScripts.js:16 16.x:  336.0535780402884
VM2257 previewScripts.js:16 16.y:  555.9629735519081
VM2257 previewScripts.js:16 Time elapsed:  5551.794999977574
VM2257 previewScripts.js:16 ----------------------------
VM2257 previewScripts.js:16 0.x:  369.7662710446363
VM2257 previewScripts.js:16 0.y:  228.61203318218503
VM2257 previewScripts.js:16 1.x:  397.8594652439883
VM2257 previewScripts.js:16 1.y:  196.99109930741156
VM2257 previewScripts.js:16 2.x:  340.20463389495194
VM2257 previewScripts.js:16 2.y:  198.32720230429726
VM2257 previewScripts.js:16 3.x:  425.80561052288925
VM2257 previewScripts.js:16 3.y:  219.64380277295322
VM2257 previewScripts.js:16 4.x:  306.7908285932931
VM2257 previewScripts.js:16 4.y:  218.59111295108903
VM2257 previewScripts.js:16 5.x:  472.61546530918764
VM2257 previewScripts.js:16 5.y:  344.6401198240284
VM2257 previewScripts.js:16 6.x:  241.04502523619294
VM2257 previewScripts.js:16 6.y:  389.3537602415326
VM2257 previewScripts.js:16 7.x:  534.4721639830234
VM2257 previewScripts.js:16 7.y:  521.2378877041167
VM2257 previewScripts.js:16 8.x:  217.72421481781302
VM2257 previewScripts.js:16 8.y:  554.6660915917588
VM2257 previewScripts.js:16 9.x:  500.1259913453814
VM2257 previewScripts.js:16 9.y:  506.2320927848592
VM2257 previewScripts.js:16 10.x:  294.19464408770403
VM2257 previewScripts.js:16 10.y:  539.5860249629029
VM2257 previewScripts.js:16 11.x:  437.25174783033697
VM2257 previewScripts.js:16 11.y:  552.8261085792824
VM2257 previewScripts.js:16 12.x:  300.1720269335176
VM2257 previewScripts.js:16 12.y:  556.5024987531219
VM2257 previewScripts.js:16 13.x:  441.4869633427372
VM2257 previewScripts.js:16 13.y:  552.7152137681986
VM2257 previewScripts.js:16 14.x:  323.22133382161456
VM2257 previewScripts.js:16 14.y:  550.1671697010538
VM2257 previewScripts.js:16 15.x:  436.4895484136094
VM2257 previewScripts.js:16 15.y:  559.2630382262707
VM2257 previewScripts.js:16 16.x:  337.9635298879523
VM2257 previewScripts.js:16 16.y:  555.7030208952013
VM2257 previewScripts.js:16 Time elapsed:  5800.6700000260025
VM2257 previewScripts.js:16 ----------------------------
VM2257 previewScripts.js:16 0.x:  363.1780235483865
VM2257 previewScripts.js:16 0.y:  228.2086806269417
VM2257 previewScripts.js:16 1.x:  391.02438586497163
VM2257 previewScripts.js:16 1.y:  196.91849171302005
VM2257 previewScripts.js:16 2.x:  333.2840649937561
VM2257 previewScripts.js:16 2.y:  198.66041120265191
VM2257 previewScripts.js:16 3.x:  418.19129111009266
VM2257 previewScripts.js:16 3.y:  215.68964878253303
VM2257 previewScripts.js:16 4.x:  299.9259484720509
VM2257 previewScripts.js:16 4.y:  219.7023798475953
VM2257 previewScripts.js:16 5.x:  471.232994629858
VM2257 previewScripts.js:16 5.y:  346.9115461382949
VM2257 previewScripts.js:16 6.x:  239.86372626083403
VM2257 previewScripts.js:16 6.y:  385.0883046646564
VM2257 previewScripts.js:16 7.x:  539.3742094727752
VM2257 previewScripts.js:16 7.y:  523.40401246069
VM2257 previewScripts.js:16 8.x:  220.50205193532605
VM2257 previewScripts.js:16 8.y:  557.2676812184949
VM2257 previewScripts.js:16 9.x:  514.1202189722488
VM2257 previewScripts.js:16 9.y:  518.3259703355458
VM2257 previewScripts.js:16 10.x:  246.862098738464
VM2257 previewScripts.js:16 10.y:  542.3630911843818
VM2257 previewScripts.js:16 11.x:  436.390490615577
VM2257 previewScripts.js:16 11.y:  553.9083133571096
VM2257 previewScripts.js:16 12.x:  299.306932731911
VM2257 previewScripts.js:16 12.y:  556.8156263563368
VM2257 previewScripts.js:16 13.x:  420.39371884589536
VM2257 previewScripts.js:16 13.y:  550.7572380794651
VM2257 previewScripts.js:16 14.x:  320.7835229051973
VM2257 previewScripts.js:16 14.y:  549.3176412303545
VM2257 previewScripts.js:16 15.x:  416.36643437614214
VM2257 previewScripts.js:16 15.y:  558.2743104113008
VM2257 previewScripts.js:16 16.x:  338.0755978113959
VM2257 previewScripts.js:16 16.y:  556.1341075636955
VM2257 previewScripts.js:16 Time elapsed:  5893.3149999938905
VM2257 previewScripts.js:16 ----------------------------
VM2257 previewScripts.js:16 0.x:  361.8849530136376
VM2257 previewScripts.js:16 0.y:  229.9176215753685
VM2257 previewScripts.js:16 1.x:  389.49186804698917
VM2257 previewScripts.js:16 1.y:  196.76481072200897
VM2257 previewScripts.js:16 2.x:  330.6214759038438
VM2257 previewScripts.js:16 2.y:  200.0499690020526
VM2257 previewScripts.js:16 3.x:  416.5454631009762
VM2257 previewScripts.js:16 3.y:  216.8217444466336
VM2257 previewScripts.js:16 4.x:  298.75299435145206
VM2257 previewScripts.js:16 4.y:  222.12950529875576
VM2257 previewScripts.js:16 5.x:  468.6849041617172
VM2257 previewScripts.js:16 5.y:  344.15779783014665
VM2257 previewScripts.js:16 6.x:  246.09563816360563
VM2257 previewScripts.js:16 6.y:  384.0033110679939
VM2257 previewScripts.js:16 7.x:  536.2689872280663
VM2257 previewScripts.js:16 7.y:  519.902796457153
VM2257 previewScripts.js:16 8.x:  218.8102908069395
VM2257 previewScripts.js:16 8.y:  551.9930798268457
VM2257 previewScripts.js:16 9.x:  493.83087396156947
VM2257 previewScripts.js:16 9.y:  471.76795885112085
VM2257 previewScripts.js:16 10.x:  273.68939435040505
VM2257 previewScripts.js:16 10.y:  516.9070660626446
VM2257 previewScripts.js:16 11.x:  459.0788892649303
VM2257 previewScripts.js:16 11.y:  552.6510435702972
VM2257 previewScripts.js:16 12.x:  300.48371714690506
VM2257 previewScripts.js:16 12.y:  555.4626687925461
VM2257 previewScripts.js:16 13.x:  459.4952959577475
VM2257 previewScripts.js:16 13.y:  550.9999063651696
VM2257 previewScripts.js:16 14.x:  323.0219493367751
VM2257 previewScripts.js:16 14.y:  550.4636899118999
VM2257 previewScripts.js:16 15.x:  456.2449913694147
VM2257 previewScripts.js:16 15.y:  558.2684097884924
VM2257 previewScripts.js:16 16.x:  336.7736861022592
VM2257 previewScripts.js:16 16.y:  557.1892180266203
VM2257 previewScripts.js:16 Time elapsed:  5991.1800001282245
VM2257 previewScripts.js:16 ----------------------------
VM2257 previewScripts.js:16 0.x:  359.3471620515076
VM2257 previewScripts.js:16 0.y:  229.51300608019613
VM2257 previewScripts.js:16 1.x:  385.2980799981725
VM2257 previewScripts.js:16 1.y:  197.36807780423823
VM2257 previewScripts.js:16 2.x:  329.02648211919774
VM2257 previewScripts.js:16 2.y:  201.27161349469458
VM2257 previewScripts.js:16 3.x:  415.18678958885386
VM2257 previewScripts.js:16 3.y:  213.69565313090123
VM2257 previewScripts.js:16 4.x:  297.90338497645206
VM2257 previewScripts.js:16 4.y:  223.18292777673076
VM2257 previewScripts.js:16 5.x:  467.77335540593015
VM2257 previewScripts.js:16 5.y:  342.45040536623947
VM2257 previewScripts.js:16 6.x:  244.66371532536854
VM2257 previewScripts.js:16 6.y:  381.0805191724156
VM2257 previewScripts.js:16 7.x:  541.138383147777
VM2257 previewScripts.js:16 7.y:  526.3268120897676
VM2257 previewScripts.js:16 8.x:  218.42663309495117
VM2257 previewScripts.js:16 8.y:  554.2012669375532
VM2257 previewScripts.js:16 9.x:  487.8025689970912
VM2257 previewScripts.js:16 9.y:  512.5618531225252
VM2257 previewScripts.js:16 10.x:  245.18738149899488
VM2257 previewScripts.js:16 10.y:  542.1980470058745
VM2257 previewScripts.js:16 11.x:  458.3186921831692
VM2257 previewScripts.js:16 11.y:  553.9933761983355
VM2257 previewScripts.js:16 12.x:  300.1129943074306
VM2257 previewScripts.js:16 12.y:  556.5676957217805
VM2257 previewScripts.js:16 13.x:  459.5023119519328
VM2257 previewScripts.js:16 13.y:  542.5141139337194
VM2257 previewScripts.js:16 14.x:  321.1907074093586
VM2257 previewScripts.js:16 14.y:  534.462613111351
VM2257 previewScripts.js:16 15.x:  456.09845226503484
VM2257 previewScripts.js:16 15.y:  558.5882383573357
VM2257 previewScripts.js:16 16.x:  338.15450233325623
VM2257 previewScripts.js:16 16.y:  555.3418182908442
VM2257 previewScripts.js:16 Time elapsed:  6303.259999956936
VM2257 previewScripts.js:16 ----------------------------
VM2257 previewScripts.js:16 0.x:  359.10208966067427
VM2257 previewScripts.js:16 0.y:  228.4996434261924
VM2257 previewScripts.js:16 1.x:  384.0711891813817
VM2257 previewScripts.js:16 1.y:  195.9891791092722
VM2257 previewScripts.js:16 2.x:  328.42521087468015
VM2257 previewScripts.js:16 2.y:  201.66185137356467
VM2257 previewScripts.js:16 3.x:  415.52621257700184
VM2257 previewScripts.js:16 3.y:  212.89155183015043
VM2257 previewScripts.js:16 4.x:  297.1826039513184
VM2257 previewScripts.js:16 4.y:  222.92279814186617
VM2257 previewScripts.js:16 5.x:  469.909835726197
VM2257 previewScripts.js:16 5.y:  338.8883130406311
VM2257 previewScripts.js:16 6.x:  249.5205920481542
VM2257 previewScripts.js:16 6.y:  380.6005060742473
VM2257 previewScripts.js:16 7.x:  538.8455798054299
VM2257 previewScripts.js:16 7.y:  520.8325892814651
VM2257 previewScripts.js:16 8.x:  221.0555331284075
VM2257 previewScripts.js:16 8.y:  554.109040793852
VM2257 previewScripts.js:16 9.x:  499.36019469887657
VM2257 previewScripts.js:16 9.y:  503.1144708406623
VM2257 previewScripts.js:16 10.x:  293.5120069120827
VM2257 previewScripts.js:16 10.y:  545.309201959978
VM2257 previewScripts.js:16 11.x:  439.3134485583091
VM2257 previewScripts.js:16 11.y:  553.2335896333988
VM2257 previewScripts.js:16 12.x:  299.64824128104465
VM2257 previewScripts.js:16 12.y:  557.129540396945
VM2257 previewScripts.js:16 13.x:  441.09909310443123
VM2257 previewScripts.js:16 13.y:  551.9271011798702
VM2257 previewScripts.js:16 14.x:  321.7140670687134
VM2257 previewScripts.js:16 14.y:  551.20517485323
VM2257 previewScripts.js:16 15.x:  436.82158100209966
VM2257 previewScripts.js:16 15.y:  559.2971841540717
VM2257 previewScripts.js:16 16.x:  336.83200650280213
VM2257 previewScripts.js:16 16.y:  556.4617817304287
VM2257 previewScripts.js:16 Time elapsed:  6401.150000048801
VM2257 previewScripts.js:16 ----------------------------
VM2257 previewScripts.js:16 0.x:  360.5755841290509
VM2257 previewScripts.js:16 0.y:  229.5117889463785
VM2257 previewScripts.js:16 1.x:  385.68066691794587
VM2257 previewScripts.js:16 1.y:  196.6186377690782
VM2257 previewScripts.js:16 2.x:  329.7809361389041
VM2257 previewScripts.js:16 2.y:  201.26194662053217
VM2257 previewScripts.js:16 3.x:  416.5864515397516
VM2257 previewScripts.js:16 3.y:  213.10550860726573
VM2257 previewScripts.js:16 4.x:  298.6398736310516
VM2257 previewScripts.js:16 4.y:  223.33576760096855
VM2257 previewScripts.js:16 5.x:  470.0514164677372
VM2257 previewScripts.js:16 5.y:  342.4459038747449
VM2257 previewScripts.js:16 6.x:  254.0708718104669
VM2257 previewScripts.js:16 6.y:  377.447888558371
VM2257 previewScripts.js:16 7.x:  540.9630847953216
VM2257 previewScripts.js:16 7.y:  524.9341873258178
VM2257 previewScripts.js:16 8.x:  197.93657953511436
VM2257 previewScripts.js:16 8.y:  545.4011181688215
VM2257 previewScripts.js:16 9.x:  516.4790864762274
VM2257 previewScripts.js:16 9.y:  524.2239808199698
VM2257 previewScripts.js:16 10.x:  269.2426518668905
VM2257 previewScripts.js:16 10.y:  501.73021996927537
VM2257 previewScripts.js:16 11.x:  438.1587501064843
VM2257 previewScripts.js:16 11.y:  552.7325510839272
VM2257 previewScripts.js:16 12.x:  299.6347631116127
VM2257 previewScripts.js:16 12.y:  554.1891538980643
VM2257 previewScripts.js:16 13.x:  441.59905461539995
VM2257 previewScripts.js:16 13.y:  552.7411531147203
VM2257 previewScripts.js:16 14.x:  321.32319548906173
VM2257 previewScripts.js:16 14.y:  550.4010444031356
VM2257 previewScripts.js:16 15.x:  436.1379020348859
VM2257 previewScripts.js:16 15.y:  559.4629383644863
VM2257 previewScripts.js:16 16.x:  337.1539038942571
VM2257 previewScripts.js:16 16.y:  555.3013563249078
VM2257 previewScripts.js:16 Time elapsed:  6537.745000096038
VM2257 previewScripts.js:16 ----------------------------
VM2257 previewScripts.js:16 0.x:  365.6632707086455
VM2257 previewScripts.js:16 0.y:  229.53548319855628
VM2257 previewScripts.js:16 1.x:  391.7185632062469
VM2257 previewScripts.js:16 1.y:  195.81393206561052
VM2257 previewScripts.js:16 2.x:  333.4351787604319
VM2257 previewScripts.js:16 2.y:  200.99197774370276
VM2257 previewScripts.js:16 3.x:  421.9558653357433
VM2257 previewScripts.js:16 3.y:  214.82418424669527
VM2257 previewScripts.js:16 4.x:  302.15452822560684
VM2257 previewScripts.js:16 4.y:  223.04714686224565
VM2257 previewScripts.js:16 5.x:  472.7916980765716
VM2257 previewScripts.js:16 5.y:  342.0933000293159
VM2257 previewScripts.js:16 6.x:  251.21283042268212
VM2257 previewScripts.js:16 6.y:  380.27869300767924
VM2257 previewScripts.js:16 7.x:  536.633274457608
VM2257 previewScripts.js:16 7.y:  521.8071293226692
VM2257 previewScripts.js:16 8.x:  200.50546493678993
VM2257 previewScripts.js:16 8.y:  544.5752220823053
VM2257 previewScripts.js:16 9.x:  507.9783799913194
VM2257 previewScripts.js:16 9.y:  507.0482404980278
VM2257 previewScripts.js:16 10.x:  229.1306981612832
VM2257 previewScripts.js:16 10.y:  538.9197987840886
VM2257 previewScripts.js:16 11.x:  438.0696435374358
VM2257 previewScripts.js:16 11.y:  552.4641986571789
VM2257 previewScripts.js:16 12.x:  299.3323441927428
VM2257 previewScripts.js:16 12.y:  555.3066626952173
VM2257 previewScripts.js:16 13.x:  440.47979715507165
VM2257 previewScripts.js:16 13.y:  551.4399561593872
VM2257 previewScripts.js:16 14.x:  318.0323154977423
VM2257 previewScripts.js:16 14.y:  535.5821695011726
VM2257 previewScripts.js:16 15.x:  436.6187454431842
VM2257 previewScripts.js:16 15.y:  559.0829486735382
VM2257 previewScripts.js:16 16.x:  318.4331951922143
VM2257 previewScripts.js:16 16.y:  554.7227629722908
VM2257 previewScripts.js:16 Time elapsed:  6907.71000017412
VM2257 previewScripts.js:16 ----------------------------
VM2257 previewScripts.js:16 0.x:  377.8796202304535
VM2257 previewScripts.js:16 0.y:  229.6424898441307
VM2257 previewScripts.js:16 1.x:  404.4905265822977
VM2257 previewScripts.js:16 1.y:  199.47724253113506
VM2257 previewScripts.js:16 2.x:  347.54090723703246
VM2257 previewScripts.js:16 2.y:  202.04457125003808
VM2257 previewScripts.js:16 3.x:  433.8922309503685
VM2257 previewScripts.js:16 3.y:  221.65352536920915
VM2257 previewScripts.js:16 4.x:  312.84816749379416
VM2257 previewScripts.js:16 4.y:  225.80761171456197
VM2257 previewScripts.js:16 5.x:  474.2763711137381
VM2257 previewScripts.js:16 5.y:  346.98015833923455
VM2257 previewScripts.js:16 6.x:  252.8682852999741
VM2257 previewScripts.js:16 6.y:  384.1553513673778
VM2257 previewScripts.js:16 7.x:  538.2117563288579
VM2257 previewScripts.js:16 7.y:  524.176621464958
VM2257 previewScripts.js:16 8.x:  206.13988567746404
VM2257 previewScripts.js:16 8.y:  555.3813650268793
VM2257 previewScripts.js:16 9.x:  514.8200789483202
VM2257 previewScripts.js:16 9.y:  512.2715405321028
VM2257 previewScripts.js:16 10.x:  227.458538330554
VM2257 previewScripts.js:16 10.y:  541.1118197673477
VM2257 previewScripts.js:16 11.x:  440.9200794004325
VM2257 previewScripts.js:16 11.y:  551.1570617794757
VM2257 previewScripts.js:16 12.x:  300.06899381938734
VM2257 previewScripts.js:16 12.y:  555.1868948834216
VM2257 previewScripts.js:16 13.x:  442.15523018939217
VM2257 previewScripts.js:16 13.y:  554.6890639515183
VM2257 previewScripts.js:16 14.x:  317.9586979380825
VM2257 previewScripts.js:16 14.y:  533.1981874581201
VM2257 previewScripts.js:16 15.x:  435.23250557525813
VM2257 previewScripts.js:16 15.y:  559.9448946530823
VM2257 previewScripts.js:16 16.x:  320.30223824127376
VM2257 previewScripts.js:16 16.y:  554.4776996813322
VM2257 previewScripts.js:16 Time elapsed:  7038.395000156015
VM2257 previewScripts.js:16 ----------------------------
VM2257 previewScripts.js:16 0.x:  382.7095567134389
VM2257 previewScripts.js:16 0.y:  229.4235747041758
VM2257 previewScripts.js:16 1.x:  411.58887658667607
VM2257 previewScripts.js:16 1.y:  198.47110525209303
VM2257 previewScripts.js:16 2.x:  352.3325858013904
VM2257 previewScripts.js:16 2.y:  200.2671367801421
VM2257 previewScripts.js:16 3.x:  438.0003216392115
VM2257 previewScripts.js:16 3.y:  220.36611389695548
VM2257 previewScripts.js:16 4.x:  319.01892083894904
VM2257 previewScripts.js:16 4.y:  222.70749216656003
VM2257 previewScripts.js:16 5.x:  483.74593217935245
VM2257 previewScripts.js:16 5.y:  345.9228753578825
VM2257 previewScripts.js:16 6.x:  264.03954459445055
VM2257 previewScripts.js:16 6.y:  367.64570329156766
VM2257 previewScripts.js:16 7.x:  536.93924039428
VM2257 previewScripts.js:16 7.y:  521.4476605093735
VM2257 previewScripts.js:16 8.x:  211.12575716907284
VM2257 previewScripts.js:16 8.y:  543.2965052197551
VM2257 previewScripts.js:16 9.x:  515.0176740203916
VM2257 previewScripts.js:16 9.y:  516.1745142053675
VM2257 previewScripts.js:16 10.x:  246.20870013915538
VM2257 previewScripts.js:16 10.y:  541.9445705599719
VM2257 previewScripts.js:16 11.x:  460.24145561352105
VM2257 previewScripts.js:16 11.y:  553.5102293970059
VM2257 previewScripts.js:16 12.x:  301.6263754326
VM2257 previewScripts.js:16 12.y:  554.8676432410643
VM2257 previewScripts.js:16 13.x:  461.1042578922145
VM2257 previewScripts.js:16 13.y:  551.6547404209308
VM2257 previewScripts.js:16 14.x:  317.5396197581152
VM2257 previewScripts.js:16 14.y:  535.6282843576769
VM2257 previewScripts.js:16 15.x:  456.1057538781714
VM2257 previewScripts.js:16 15.y:  559.1914579231604
VM2257 previewScripts.js:16 16.x:  318.88100726330254
VM2257 previewScripts.js:16 16.y:  555.6143134936951
VM2257 previewScripts.js:16 Time elapsed:  7297.265000175685
VM2257 previewScripts.js:16 ----------------------------
VM2257 previewScripts.js:16 0.x:  390.4871236046387
VM2257 previewScripts.js:16 0.y:  232.37251742773816
VM2257 previewScripts.js:16 1.x:  418.07214710912274
VM2257 previewScripts.js:16 1.y:  199.9019799037286
VM2257 previewScripts.js:16 2.x:  360.0320143076876
VM2257 previewScripts.js:16 2.y:  200.40125328197814
VM2257 previewScripts.js:16 3.x:  444.3772070217318
VM2257 previewScripts.js:16 3.y:  223.44543486775478
VM2257 previewScripts.js:16 4.x:  327.3272181579709
VM2257 previewScripts.js:16 4.y:  224.11626209757247
VM2257 previewScripts.js:16 5.x:  489.06585990801653
VM2257 previewScripts.js:16 5.y:  348.26397931134255
VM2257 previewScripts.js:16 6.x:  256.947086921677
VM2257 previewScripts.js:16 6.y:  378.7302119829501
VM2257 previewScripts.js:16 7.x:  549.2121134678058
VM2257 previewScripts.js:16 7.y:  523.0953399479738
VM2257 previewScripts.js:16 8.x:  219.10531860113608
VM2257 previewScripts.js:16 8.y:  553.2934308563291
VM2257 previewScripts.js:16 9.x:  525.2791311401605
VM2257 previewScripts.js:16 9.y:  468.9941352710389
VM2257 previewScripts.js:16 10.x:  248.3064171863578
VM2257 previewScripts.js:16 10.y:  539.7925259774191
VM2257 previewScripts.js:16 11.x:  443.2966143810726
VM2257 previewScripts.js:16 11.y:  552.4523158380163
VM2257 previewScripts.js:16 12.x:  298.6779782181827
VM2257 previewScripts.js:16 12.y:  556.9708073487756
VM2257 previewScripts.js:16 13.x:  444.5486759535286
VM2257 previewScripts.js:16 13.y:  555.207988002844
VM2257 previewScripts.js:16 14.x:  319.82333185147587
VM2257 previewScripts.js:16 14.y:  550.3111799511528
VM2257 previewScripts.js:16 15.x:  435.98020854749177
VM2257 previewScripts.js:16 15.y:  560.1619680304276
VM2257 previewScripts.js:16 16.x:  317.74677179942586
VM2257 previewScripts.js:16 16.y:  556.0813189947116
VM2257 previewScripts.js:16 Time elapsed:  7401.680000126362
VM2257 previewScripts.js:16 ----------------------------
VM2257 previewScripts.js:16 0.x:  393.67143775984556
VM2257 previewScripts.js:16 0.y:  230.17718160826325
VM2257 previewScripts.js:16 1.x:  420.9852671483804
VM2257 previewScripts.js:16 1.y:  199.44406548438712
VM2257 previewScripts.js:16 2.x:  362.90781270226074
VM2257 previewScripts.js:16 2.y:  200.31791590342976
VM2257 previewScripts.js:16 3.x:  447.18701873838785
VM2257 previewScripts.js:16 3.y:  221.49375528852374
VM2257 previewScripts.js:16 4.x:  328.5503573352598
VM2257 previewScripts.js:16 4.y:  224.13431178756622
VM2257 previewScripts.js:16 5.x:  488.93537435847645
VM2257 previewScripts.js:16 5.y:  352.17479326571635
VM2257 previewScripts.js:16 6.x:  263.8354846143815
VM2257 previewScripts.js:16 6.y:  369.730895639163
VM2257 previewScripts.js:16 7.x:  554.0318149618703
VM2257 previewScripts.js:16 7.y:  527.1462560583044
VM2257 previewScripts.js:16 8.x:  215.9353952984131
VM2257 previewScripts.js:16 8.y:  540.0644804302015
VM2257 previewScripts.js:16 9.x:  484.9820023624056
VM2257 previewScripts.js:16 9.y:  524.8120087443272
VM2257 previewScripts.js:16 10.x:  256.6640485797012
VM2257 previewScripts.js:16 10.y:  485.6330357006883
VM2257 previewScripts.js:16 11.x:  481.00591008890905
VM2257 previewScripts.js:16 11.y:  553.0023282592059
VM2257 previewScripts.js:16 12.x:  317.7375015645464
VM2257 previewScripts.js:16 12.y:  554.6096403185154
VM2257 previewScripts.js:16 13.x:  483.13567758303634
VM2257 previewScripts.js:16 13.y:  550.2699342248035
VM2257 previewScripts.js:16 14.x:  319.03879645275094
VM2257 previewScripts.js:16 14.y:  549.9116108617354
VM2257 previewScripts.js:16 15.x:  475.88146187408626
VM2257 previewScripts.js:16 15.y:  559.6083296391001
VM2257 previewScripts.js:16 16.x:  317.6721710443032
VM2257 previewScripts.js:16 16.y:  555.8289356491952
VM2257 previewScripts.js:16 Time elapsed:  7507.865000050515
VM2257 previewScripts.js:16 ----------------------------
VM2257 previewScripts.js:16 0.x:  394.25654777541723
VM2257 previewScripts.js:16 0.y:  232.33909086409597
VM2257 previewScripts.js:16 1.x:  421.6135347005684
VM2257 previewScripts.js:16 1.y:  199.13853933471916
VM2257 previewScripts.js:16 2.x:  363.4746731466252
VM2257 previewScripts.js:16 2.y:  200.23914634600482
VM2257 previewScripts.js:16 3.x:  448.5990278158504
VM2257 previewScripts.js:16 3.y:  220.52427347640543
VM2257 previewScripts.js:16 4.x:  329.0593792355781
VM2257 previewScripts.js:16 4.y:  220.80815201846713
VM2257 previewScripts.js:16 5.x:  486.3666788736979
VM2257 previewScripts.js:16 5.y:  347.5152207164504
VM2257 previewScripts.js:16 6.x:  265.6773522211562
VM2257 previewScripts.js:16 6.y:  367.12098833645524
VM2257 previewScripts.js:16 7.x:  547.5301886069611
VM2257 previewScripts.js:16 7.y:  527.1260603222465
VM2257 previewScripts.js:16 8.x:  221.39378330163788
VM2257 previewScripts.js:16 8.y:  551.9615794994213
VM2257 previewScripts.js:16 9.x:  510.427623845448
VM2257 previewScripts.js:16 9.y:  520.3623046280115
VM2257 previewScripts.js:16 10.x:  242.97617683633726
VM2257 previewScripts.js:16 10.y:  541.8221691942122
VM2257 previewScripts.js:16 11.x:  462.0160566482395
VM2257 previewScripts.js:16 11.y:  555.4548534965886
VM2257 previewScripts.js:16 12.x:  300.52538940548664
VM2257 previewScripts.js:16 12.y:  556.82337071231
VM2257 previewScripts.js:16 13.x:  464.44992749546935
VM2257 previewScripts.js:16 13.y:  554.4311547232883
VM2257 previewScripts.js:16 14.x:  319.8794829682765
VM2257 previewScripts.js:16 14.y:  551.3271196450871
VM2257 previewScripts.js:16 15.x:  457.0299144841542
VM2257 previewScripts.js:16 15.y:  558.9382460521675
VM2257 previewScripts.js:16 16.x:  316.02419223004614
VM2257 previewScripts.js:16 16.y:  555.9493373104935
VM2257 previewScripts.js:16 Time elapsed:  7898.844999959692
VM2257 previewScripts.js:16 ----------------------------
VM2257 previewScripts.js:16 0.x:  388.79612377977276
VM2257 previewScripts.js:16 0.y:  231.51905558030273
VM2257 previewScripts.js:16 1.x:  415.63554135447123
VM2257 previewScripts.js:16 1.y:  199.69191302100586
VM2257 previewScripts.js:16 2.x:  358.51399174443
VM2257 previewScripts.js:16 2.y:  198.4736311319511
VM2257 previewScripts.js:16 3.x:  439.7848055655496
VM2257 previewScripts.js:16 3.y:  225.49232230084215
VM2257 previewScripts.js:16 4.x:  322.84972400925545
VM2257 previewScripts.js:16 4.y:  223.36435775310673
VM2257 previewScripts.js:16 5.x:  479.9224783616688
VM2257 previewScripts.js:16 5.y:  346.8679767928393
VM2257 previewScripts.js:16 6.x:  248.5472692894889
VM2257 previewScripts.js:16 6.y:  384.173500700536
VM2257 previewScripts.js:16 7.x:  541.0450256823564
VM2257 previewScripts.js:16 7.y:  522.825458370454
VM2257 previewScripts.js:16 8.x:  220.04206042075947
VM2257 previewScripts.js:16 8.y:  555.8941662288316
VM2257 previewScripts.js:16 9.x:  523.2214578550461
VM2257 previewScripts.js:16 9.y:  503.47776952078004
VM2257 previewScripts.js:16 10.x:  246.1217422931515
VM2257 previewScripts.js:16 10.y:  541.9176029554817
VM2257 previewScripts.js:16 11.x:  460.3840247557642
VM2257 previewScripts.js:16 11.y:  552.3575507269965
VM2257 previewScripts.js:16 12.x:  319.2302469807526
VM2257 previewScripts.js:16 12.y:  555.8208966766416
VM2257 previewScripts.js:16 13.x:  463.5635676393267
VM2257 previewScripts.js:16 13.y:  550.2204344751309
VM2257 previewScripts.js:16 14.x:  339.8732672797309
VM2257 previewScripts.js:16 14.y:  553.9788693433617
VM2257 previewScripts.js:16 15.x:  455.4901355051855
VM2257 previewScripts.js:16 15.y:  560.0103795458698
VM2257 previewScripts.js:16 16.x:  336.64483351084687
VM2257 previewScripts.js:16 16.y:  556.9076325414705
VM2257 previewScripts.js:16 Time elapsed:  8093.615000136197
VM2257 previewScripts.js:16 ----------------------------
VM2257 previewScripts.js:16 0.x:  381.4311917251081
VM2257 previewScripts.js:16 0.y:  229.51394837734523
VM2257 previewScripts.js:16 1.x:  409.87720095390927
VM2257 previewScripts.js:16 1.y:  199.21703814530696
VM2257 previewScripts.js:16 2.x:  352.3226607473273
VM2257 previewScripts.js:16 2.y:  198.95366296898317
VM2257 previewScripts.js:16 3.x:  434.9614053767094
VM2257 previewScripts.js:16 3.y:  220.73712518108283
VM2257 previewScripts.js:16 4.x:  314.6651986700285
VM2257 previewScripts.js:16 4.y:  219.6296631290666
VM2257 previewScripts.js:16 5.x:  470.8335076345105
VM2257 previewScripts.js:16 5.y:  340.87909423352215
VM2257 previewScripts.js:16 6.x:  251.01287603843048
VM2257 previewScripts.js:16 6.y:  385.7804201360334
VM2257 previewScripts.js:16 7.x:  542.0133766932794
VM2257 previewScripts.js:16 7.y:  517.3047139723631
VM2257 previewScripts.js:16 8.x:  202.40688628852948
VM2257 previewScripts.js:16 8.y:  554.3411144829167
VM2257 previewScripts.js:16 9.x:  492.91541621931344
VM2257 previewScripts.js:16 9.y:  525.8162803724263
VM2257 previewScripts.js:16 10.x:  247.1730454948678
VM2257 previewScripts.js:16 10.y:  542.9761726721453
VM2257 previewScripts.js:16 11.x:  439.9904636286388
VM2257 previewScripts.js:16 11.y:  551.227961906448
VM2257 previewScripts.js:16 12.x:  301.1768607275295
VM2257 previewScripts.js:16 12.y:  556.1180676912006
VM2257 previewScripts.js:16 13.x:  442.86949470029236
VM2257 previewScripts.js:16 13.y:  555.2023841902526
VM2257 previewScripts.js:16 14.x:  322.2244946812561
VM2257 previewScripts.js:16 14.y:  553.702364023666
VM2257 previewScripts.js:16 15.x:  436.9468269571226
VM2257 previewScripts.js:16 15.y:  560.1207142731367
VM2257 previewScripts.js:16 16.x:  336.24431111891596
VM2257 previewScripts.js:16 16.y:  557.8996443423147
VM2257 previewScripts.js:16 Time elapsed:  8357.49000008218
VM2257 previewScripts.js:16 ----------------------------
DevTools failed to load SourceMap: Could not load content for chrome-extension://gighmmpiobklfepjocnamgkkbiglidom/include.preload.js.map: HTTP error: status code 404, net::ERR_UNKNOWN_URL_SCHEME
DevTools failed to load SourceMap: Could not load content for chrome-extension://gighmmpiobklfepjocnamgkkbiglidom/include.postload.js.map: HTTP error: status code 404, net::ERR_UNKNOWN_URL_SCHEME
